The system is: Linux - 5.10.102.1-microsoft-standard-WSL2 - x86_64
Compiling the C compiler identification source file "CMakeCCompilerId.c" succeeded.
Compiler: /home/waleed/miniconda3/envs/ROOT/bin/x86_64-conda-linux-gnu-cc 
Build flags: -march=nocona;-mtune=haswell;-ftree-vectorize;-fPIC;-fstack-protector-strong;-fno-plt;-O2;-ffunction-sections;-pipe;-isystem;/home/waleed/miniconda3/envs/ROOT/include
Id flags:  

The output was:
0


Compilation of the C compiler identification source "CMakeCCompilerId.c" produced "a.out"

The C compiler identification is GNU, found in "/mnt/d/waleed/pp45/KinFit/KinFit/build/CMakeFiles/3.16.3/CompilerIdC/a.out"

Compiling the CXX compiler identification source file "CMakeCXXCompilerId.cpp" succeeded.
Compiler: /home/waleed/miniconda3/envs/ROOT/bin/x86_64-conda-linux-gnu-c++ 
Build flags: -fvisibility-inlines-hidden;-std=c++17;-fmessage-length=0;-march=nocona;-mtune=haswell;-ftree-vectorize;-fPIC;-fstack-protector-strong;-fno-plt;-O2;-ffunction-sections;-pipe;-isystem;/home/waleed/miniconda3/envs/ROOT/include
Id flags:  

The output was:
0


Compilation of the CXX compiler identification source "CMakeCXXCompilerId.cpp" produced "a.out"

The CXX compiler identification is GNU, found in "/mnt/d/waleed/pp45/KinFit/KinFit/build/CMakeFiles/3.16.3/CompilerIdCXX/a.out"

Determining if the C compiler works passed with the following output:
Change Dir: /mnt/d/waleed/pp45/KinFit/KinFit/build/CMakeFiles/CMakeTmp

Run Build Command(s):/usr/bin/make cmTC_81a7d/fast && make: Warning: File 'Makefile' has modification time 0.99 s in the future
/usr/bin/make -f CMakeFiles/cmTC_81a7d.dir/build.make CMakeFiles/cmTC_81a7d.dir/build
make[1]: Entering directory '/mnt/d/waleed/pp45/KinFit/KinFit/build/CMakeFiles/CMakeTmp'
make[1]: Warning: File 'CMakeFiles/cmTC_81a7d.dir/flags.make' has modification time 0.98 s in the future
Building C object CMakeFiles/cmTC_81a7d.dir/testCCompiler.c.o
/home/waleed/miniconda3/envs/ROOT/bin/x86_64-conda-linux-gnu-cc   -march=nocona -mtune=haswell -ftree-vectorize -fPIC -fstack-protector-strong -fno-plt -O2 -ffunction-sections -pipe -isystem /home/waleed/miniconda3/envs/ROOT/include    -o CMakeFiles/cmTC_81a7d.dir/testCCompiler.c.o   -c /mnt/d/waleed/pp45/KinFit/KinFit/build/CMakeFiles/CMakeTmp/testCCompiler.c
Linking C executable cmTC_81a7d
/usr/bin/cmake -E cmake_link_script CMakeFiles/cmTC_81a7d.dir/link.txt --verbose=1
/home/waleed/miniconda3/envs/ROOT/bin/x86_64-conda-linux-gnu-cc -march=nocona -mtune=haswell -ftree-vectorize -fPIC -fstack-protector-strong -fno-plt -O2 -ffunction-sections -pipe -isystem /home/waleed/miniconda3/envs/ROOT/include   -Wl,-O2 -Wl,--sort-common -Wl,--as-needed -Wl,-z,relro -Wl,-z,now -Wl,--disable-new-dtags -Wl,--gc-sections -Wl,--allow-shlib-undefined -Wl,-rpath,/home/waleed/miniconda3/envs/ROOT/lib -Wl,-rpath-link,/home/waleed/miniconda3/envs/ROOT/lib -L/home/waleed/miniconda3/envs/ROOT/lib  -rdynamic CMakeFiles/cmTC_81a7d.dir/testCCompiler.c.o  -o cmTC_81a7d 
make[1]: warning:  Clock skew detected.  Your build may be incomplete.
make[1]: Leaving directory '/mnt/d/waleed/pp45/KinFit/KinFit/build/CMakeFiles/CMakeTmp'
make: warning:  Clock skew detected.  Your build may be incomplete.



Detecting C compiler ABI info compiled with the following output:
Change Dir: /mnt/d/waleed/pp45/KinFit/KinFit/build/CMakeFiles/CMakeTmp

Run Build Command(s):/usr/bin/make cmTC_0adb0/fast && make: Warning: File 'Makefile' has modification time 0.16 s in the future
/usr/bin/make -f CMakeFiles/cmTC_0adb0.dir/build.make CMakeFiles/cmTC_0adb0.dir/build
make[1]: Entering directory '/mnt/d/waleed/pp45/KinFit/KinFit/build/CMakeFiles/CMakeTmp'
make[1]: Warning: File 'CMakeFiles/cmTC_0adb0.dir/flags.make' has modification time 0.14 s in the future
Building C object CMakeFiles/cmTC_0adb0.dir/CMakeCCompilerABI.c.o
/home/waleed/miniconda3/envs/ROOT/bin/x86_64-conda-linux-gnu-cc   -march=nocona -mtune=haswell -ftree-vectorize -fPIC -fstack-protector-strong -fno-plt -O2 -ffunction-sections -pipe -isystem /home/waleed/miniconda3/envs/ROOT/include    -v -o CMakeFiles/cmTC_0adb0.dir/CMakeCCompilerABI.c.o   -c /usr/share/cmake-3.16/Modules/CMakeCCompilerABI.c
Reading specs from /home/waleed/miniconda3/envs/ROOT/bin/../lib/gcc/x86_64-conda-linux-gnu/10.3.0/specs
could not find specs file conda.specs
COLLECT_GCC=/home/waleed/miniconda3/envs/ROOT/bin/x86_64-conda-linux-gnu-cc
Target: x86_64-conda-linux-gnu
Configured with: ../configure --prefix=/home/conda/feedstock_root/build_artifacts/gcc_compilers_1650668905383/_h_env_placehold_placehold_placehold_placehold_placehold_placehold_placehold_placehold_placehold_placehold_placehold_placehold_placehold_placehold_placehold_placehold_placehold_placeho --with-slibdir=/home/conda/feedstock_root/build_artifacts/gcc_compilers_1650668905383/_h_env_placehold_placehold_placehold_placehold_placehold_placehold_placehold_placehold_placehold_placehold_placehold_placehold_placehold_placehold_placehold_placehold_placehold_placeho/lib --libdir=/home/conda/feedstock_root/build_artifacts/gcc_compilers_1650668905383/_h_env_placehold_placehold_placehold_placehold_placehold_placehold_placehold_placehold_placehold_placehold_placehold_placehold_placehold_placehold_placehold_placehold_placehold_placeho/lib --mandir=/home/conda/feedstock_root/build_artifacts/gcc_compilers_1650668905383/_h_env_placehold_placehold_placehold_placehold_placehold_placehold_placehold_placehold_placehold_placehold_placehold_placehold_placehold_placehold_placehold_placehold_placehold_placeho/man --build=x86_64-conda-linux-gnu --host=x86_64-conda-linux-gnu --target=x86_64-conda-linux-gnu --enable-default-pie --enable-languages=c,c++,fortran,objc,obj-c++ --enable-__cxa_atexit --disable-libmudflap --enable-libgomp --disable-libssp --enable-libquadmath --enable-libquadmath-support --enable-libsanitizer --enable-lto --enable-threads=posix --enable-target-optspace --enable-plugin --enable-gold --disable-nls --disable-bootstrap --disable-multilib --enable-long-long --with-sysroot=/home/conda/feedstock_root/build_artifacts/gcc_compilers_1650668905383/_h_env_placehold_placehold_placehold_placehold_placehold_placehold_placehold_placehold_placehold_placehold_placehold_placehold_placehold_placehold_placehold_placehold_placehold_placeho/x86_64-conda-linux-gnu/sysroot --with-build-sysroot=/home/conda/feedstock_root/build_artifacts/gcc_compilers_1650668905383/_build_env/x86_64-conda-linux-gnu/sysroot --with-gxx-include-dir=/home/conda/feedstock_root/build_artifacts/gcc_compilers_1650668905383/_h_env_placehold_placehold_placehold_placehold_placehold_placehold_placehold_placehold_placehold_placehold_placehold_placehold_placehold_placehold_placehold_placehold_placehold_placeho/x86_64-conda-linux-gnu/include/c++/10.3.0 --with-pkgversion='conda-forge gcc 10.3.0-16' --with-bugurl=https://github.com/conda-forge/ctng-compilers-feedstock/issues/new/choose
Thread model: posix
Supported LTO compression algorithms: zlib
gcc version 10.3.0 (conda-forge gcc 10.3.0-16) 
COLLECT_GCC_OPTIONS='-march=nocona' '-mtune=haswell' '-ftree-vectorize' '-fPIC' '-fstack-protector-strong' '-fno-plt' '-O2' '-ffunction-sections' '-pipe' '-isystem' '/home/waleed/miniconda3/envs/ROOT/include' '-v' '-o' 'CMakeFiles/cmTC_0adb0.dir/CMakeCCompilerABI.c.o' '-c'
 /home/waleed/miniconda3/envs/ROOT/bin/../libexec/gcc/x86_64-conda-linux-gnu/10.3.0/cc1 -quiet -v -iprefix /home/waleed/miniconda3/envs/ROOT/bin/../lib/gcc/x86_64-conda-linux-gnu/10.3.0/ -isysroot /home/waleed/miniconda3/envs/ROOT/bin/../x86_64-conda-linux-gnu/sysroot -isystem /home/waleed/miniconda3/envs/ROOT/include /usr/share/cmake-3.16/Modules/CMakeCCompilerABI.c -quiet -dumpbase CMakeCCompilerABI.c -march=nocona -mtune=haswell -auxbase-strip CMakeFiles/cmTC_0adb0.dir/CMakeCCompilerABI.c.o -O2 -version -ftree-vectorize -fPIC -fstack-protector-strong -fno-plt -ffunction-sections -o - |
 /home/waleed/miniconda3/envs/ROOT/bin/../lib/gcc/x86_64-conda-linux-gnu/10.3.0/../../../../x86_64-conda-linux-gnu/bin/as -v --64 -o CMakeFiles/cmTC_0adb0.dir/CMakeCCompilerABI.c.o
GNU assembler version 2.36.1 (x86_64-conda-linux-gnu) using BFD version (GNU Binutils) 2.36.1
GNU C17 (conda-forge gcc 10.3.0-16) version 10.3.0 (x86_64-conda-linux-gnu)
	compiled by GNU C version 10.3.0, GMP version 6.1.0, MPFR version 3.1.4, MPC version 1.0.3, isl version isl-0.18-GMP

GGC heuristics: --param ggc-min-expand=100 --param ggc-min-heapsize=131072
ignoring duplicate directory "/home/waleed/miniconda3/envs/ROOT/bin/../lib/gcc/../../lib/gcc/x86_64-conda-linux-gnu/10.3.0/include"
ignoring nonexistent directory "/home/waleed/miniconda3/envs/ROOT/bin/../x86_64-conda-linux-gnu/sysroot/usr/local/include"
ignoring duplicate directory "/home/waleed/miniconda3/envs/ROOT/bin/../lib/gcc/../../lib/gcc/x86_64-conda-linux-gnu/10.3.0/include-fixed"
ignoring duplicate directory "/home/waleed/miniconda3/envs/ROOT/bin/../lib/gcc/../../lib/gcc/x86_64-conda-linux-gnu/10.3.0/../../../../x86_64-conda-linux-gnu/include"
#include "..." search starts here:
#include <...> search starts here:
 /home/waleed/miniconda3/envs/ROOT/include
 /home/waleed/miniconda3/envs/ROOT/bin/../lib/gcc/x86_64-conda-linux-gnu/10.3.0/include
 /home/waleed/miniconda3/envs/ROOT/bin/../lib/gcc/x86_64-conda-linux-gnu/10.3.0/include-fixed
 /home/waleed/miniconda3/envs/ROOT/bin/../lib/gcc/x86_64-conda-linux-gnu/10.3.0/../../../../x86_64-conda-linux-gnu/include
 /home/waleed/miniconda3/envs/ROOT/bin/../x86_64-conda-linux-gnu/sysroot/usr/include
End of search list.
GNU C17 (conda-forge gcc 10.3.0-16) version 10.3.0 (x86_64-conda-linux-gnu)
	compiled by GNU C version 10.3.0, GMP version 6.1.0, MPFR version 3.1.4, MPC version 1.0.3, isl version isl-0.18-GMP

GGC heuristics: --param ggc-min-expand=100 --param ggc-min-heapsize=131072
Compiler executable checksum: 60953d673e047b2efbd90d5b92f5ae6d
COMPILER_PATH=/home/waleed/miniconda3/envs/ROOT/bin/../libexec/gcc/x86_64-conda-linux-gnu/10.3.0/:/home/waleed/miniconda3/envs/ROOT/bin/../libexec/gcc/:/home/waleed/miniconda3/envs/ROOT/bin/../lib/gcc/x86_64-conda-linux-gnu/10.3.0/../../../../x86_64-conda-linux-gnu/bin/
LIBRARY_PATH=/home/waleed/miniconda3/envs/ROOT/bin/../lib/gcc/x86_64-conda-linux-gnu/10.3.0/:/home/waleed/miniconda3/envs/ROOT/bin/../lib/gcc/:/home/waleed/miniconda3/envs/ROOT/bin/../lib/gcc/x86_64-conda-linux-gnu/10.3.0/../../../../x86_64-conda-linux-gnu/lib/../lib/:/home/waleed/miniconda3/envs/ROOT/bin/../lib/gcc/x86_64-conda-linux-gnu/10.3.0/../../../../lib/:/home/waleed/miniconda3/envs/ROOT/bin/../x86_64-conda-linux-gnu/sysroot/lib/../lib/:/home/waleed/miniconda3/envs/ROOT/bin/../x86_64-conda-linux-gnu/sysroot/usr/lib/../lib/:/home/waleed/miniconda3/envs/ROOT/bin/../lib/gcc/x86_64-conda-linux-gnu/10.3.0/../../../../x86_64-conda-linux-gnu/lib/:/home/waleed/miniconda3/envs/ROOT/bin/../lib/gcc/x86_64-conda-linux-gnu/10.3.0/../../../:/home/waleed/miniconda3/envs/ROOT/bin/../x86_64-conda-linux-gnu/sysroot/lib/:/home/waleed/miniconda3/envs/ROOT/bin/../x86_64-conda-linux-gnu/sysroot/usr/lib/
COLLECT_GCC_OPTIONS='-march=nocona' '-mtune=haswell' '-ftree-vectorize' '-fPIC' '-fstack-protector-strong' '-fno-plt' '-O2' '-ffunction-sections' '-pipe' '-isystem' '/home/waleed/miniconda3/envs/ROOT/include' '-v' '-o' 'CMakeFiles/cmTC_0adb0.dir/CMakeCCompilerABI.c.o' '-c'
Linking C executable cmTC_0adb0
/usr/bin/cmake -E cmake_link_script CMakeFiles/cmTC_0adb0.dir/link.txt --verbose=1
/home/waleed/miniconda3/envs/ROOT/bin/x86_64-conda-linux-gnu-cc -march=nocona -mtune=haswell -ftree-vectorize -fPIC -fstack-protector-strong -fno-plt -O2 -ffunction-sections -pipe -isystem /home/waleed/miniconda3/envs/ROOT/include   -Wl,-O2 -Wl,--sort-common -Wl,--as-needed -Wl,-z,relro -Wl,-z,now -Wl,--disable-new-dtags -Wl,--gc-sections -Wl,--allow-shlib-undefined -Wl,-rpath,/home/waleed/miniconda3/envs/ROOT/lib -Wl,-rpath-link,/home/waleed/miniconda3/envs/ROOT/lib -L/home/waleed/miniconda3/envs/ROOT/lib -v -rdynamic CMakeFiles/cmTC_0adb0.dir/CMakeCCompilerABI.c.o  -o cmTC_0adb0 
Reading specs from /home/waleed/miniconda3/envs/ROOT/bin/../lib/gcc/x86_64-conda-linux-gnu/10.3.0/specs
could not find specs file conda.specs
COLLECT_GCC=/home/waleed/miniconda3/envs/ROOT/bin/x86_64-conda-linux-gnu-cc
COLLECT_LTO_WRAPPER=/home/waleed/miniconda3/envs/ROOT/bin/../libexec/gcc/x86_64-conda-linux-gnu/10.3.0/lto-wrapper
Target: x86_64-conda-linux-gnu
Configured with: ../configure --prefix=/home/conda/feedstock_root/build_artifacts/gcc_compilers_1650668905383/_h_env_placehold_placehold_placehold_placehold_placehold_placehold_placehold_placehold_placehold_placehold_placehold_placehold_placehold_placehold_placehold_placehold_placehold_placeho --with-slibdir=/home/conda/feedstock_root/build_artifacts/gcc_compilers_1650668905383/_h_env_placehold_placehold_placehold_placehold_placehold_placehold_placehold_placehold_placehold_placehold_placehold_placehold_placehold_placehold_placehold_placehold_placehold_placeho/lib --libdir=/home/conda/feedstock_root/build_artifacts/gcc_compilers_1650668905383/_h_env_placehold_placehold_placehold_placehold_placehold_placehold_placehold_placehold_placehold_placehold_placehold_placehold_placehold_placehold_placehold_placehold_placehold_placeho/lib --mandir=/home/conda/feedstock_root/build_artifacts/gcc_compilers_1650668905383/_h_env_placehold_placehold_placehold_placehold_placehold_placehold_placehold_placehold_placehold_placehold_placehold_placehold_placehold_placehold_placehold_placehold_placehold_placeho/man --build=x86_64-conda-linux-gnu --host=x86_64-conda-linux-gnu --target=x86_64-conda-linux-gnu --enable-default-pie --enable-languages=c,c++,fortran,objc,obj-c++ --enable-__cxa_atexit --disable-libmudflap --enable-libgomp --disable-libssp --enable-libquadmath --enable-libquadmath-support --enable-libsanitizer --enable-lto --enable-threads=posix --enable-target-optspace --enable-plugin --enable-gold --disable-nls --disable-bootstrap --disable-multilib --enable-long-long --with-sysroot=/home/conda/feedstock_root/build_artifacts/gcc_compilers_1650668905383/_h_env_placehold_placehold_placehold_placehold_placehold_placehold_placehold_placehold_placehold_placehold_placehold_placehold_placehold_placehold_placehold_placehold_placehold_placeho/x86_64-conda-linux-gnu/sysroot --with-build-sysroot=/home/conda/feedstock_root/build_artifacts/gcc_compilers_1650668905383/_build_env/x86_64-conda-linux-gnu/sysroot --with-gxx-include-dir=/home/conda/feedstock_root/build_artifacts/gcc_compilers_1650668905383/_h_env_placehold_placehold_placehold_placehold_placehold_placehold_placehold_placehold_placehold_placehold_placehold_placehold_placehold_placehold_placehold_placehold_placehold_placeho/x86_64-conda-linux-gnu/include/c++/10.3.0 --with-pkgversion='conda-forge gcc 10.3.0-16' --with-bugurl=https://github.com/conda-forge/ctng-compilers-feedstock/issues/new/choose
Thread model: posix
Supported LTO compression algorithms: zlib
gcc version 10.3.0 (conda-forge gcc 10.3.0-16) 
COMPILER_PATH=/home/waleed/miniconda3/envs/ROOT/bin/../libexec/gcc/x86_64-conda-linux-gnu/10.3.0/:/home/waleed/miniconda3/envs/ROOT/bin/../libexec/gcc/:/home/waleed/miniconda3/envs/ROOT/bin/../lib/gcc/x86_64-conda-linux-gnu/10.3.0/../../../../x86_64-conda-linux-gnu/bin/
LIBRARY_PATH=/home/waleed/miniconda3/envs/ROOT/bin/../lib/gcc/x86_64-conda-linux-gnu/10.3.0/:/home/waleed/miniconda3/envs/ROOT/bin/../lib/gcc/:/home/waleed/miniconda3/envs/ROOT/bin/../lib/gcc/x86_64-conda-linux-gnu/10.3.0/../../../../x86_64-conda-linux-gnu/lib/../lib/:/home/waleed/miniconda3/envs/ROOT/bin/../lib/gcc/x86_64-conda-linux-gnu/10.3.0/../../../../lib/:/home/waleed/miniconda3/envs/ROOT/bin/../x86_64-conda-linux-gnu/sysroot/lib/../lib/:/home/waleed/miniconda3/envs/ROOT/bin/../x86_64-conda-linux-gnu/sysroot/usr/lib/../lib/:/home/waleed/miniconda3/envs/ROOT/bin/../lib/gcc/x86_64-conda-linux-gnu/10.3.0/../../../../x86_64-conda-linux-gnu/lib/:/home/waleed/miniconda3/envs/ROOT/bin/../lib/gcc/x86_64-conda-linux-gnu/10.3.0/../../../:/home/waleed/miniconda3/envs/ROOT/bin/../x86_64-conda-linux-gnu/sysroot/lib/:/home/waleed/miniconda3/envs/ROOT/bin/../x86_64-conda-linux-gnu/sysroot/usr/lib/
COLLECT_GCC_OPTIONS='-march=nocona' '-mtune=haswell' '-ftree-vectorize' '-fPIC' '-fstack-protector-strong' '-fno-plt' '-O2' '-ffunction-sections' '-pipe' '-isystem' '/home/waleed/miniconda3/envs/ROOT/include' '-L/home/waleed/miniconda3/envs/ROOT/lib' '-v' '-rdynamic' '-o' 'cmTC_0adb0'
 /home/waleed/miniconda3/envs/ROOT/bin/../libexec/gcc/x86_64-conda-linux-gnu/10.3.0/collect2 -plugin /home/waleed/miniconda3/envs/ROOT/bin/../libexec/gcc/x86_64-conda-linux-gnu/10.3.0/liblto_plugin.so -plugin-opt=/home/waleed/miniconda3/envs/ROOT/bin/../libexec/gcc/x86_64-conda-linux-gnu/10.3.0/lto-wrapper -plugin-opt=-fresolution=/tmp/ccabEmtw.res -plugin-opt=-pass-through=-lgcc -plugin-opt=-pass-through=-lgcc_s -plugin-opt=-pass-through=-lc -plugin-opt=-pass-through=-lgcc -plugin-opt=-pass-through=-lgcc_s --sysroot=/home/waleed/miniconda3/envs/ROOT/bin/../x86_64-conda-linux-gnu/sysroot --eh-frame-hdr -m elf_x86_64 -export-dynamic -dynamic-linker /lib64/ld-linux-x86-64.so.2 -pie -o cmTC_0adb0 /home/waleed/miniconda3/envs/ROOT/bin/../x86_64-conda-linux-gnu/sysroot/usr/lib/../lib/Scrt1.o /home/waleed/miniconda3/envs/ROOT/bin/../x86_64-conda-linux-gnu/sysroot/usr/lib/../lib/crti.o /home/waleed/miniconda3/envs/ROOT/bin/../lib/gcc/x86_64-conda-linux-gnu/10.3.0/crtbeginS.o -L/home/waleed/miniconda3/envs/ROOT/lib -L/home/waleed/miniconda3/envs/ROOT/bin/../lib/gcc/x86_64-conda-linux-gnu/10.3.0 -L/home/waleed/miniconda3/envs/ROOT/bin/../lib/gcc -L/home/waleed/miniconda3/envs/ROOT/bin/../lib/gcc/x86_64-conda-linux-gnu/10.3.0/../../../../x86_64-conda-linux-gnu/lib/../lib -L/home/waleed/miniconda3/envs/ROOT/bin/../lib/gcc/x86_64-conda-linux-gnu/10.3.0/../../../../lib -L/home/waleed/miniconda3/envs/ROOT/bin/../x86_64-conda-linux-gnu/sysroot/lib/../lib -L/home/waleed/miniconda3/envs/ROOT/bin/../x86_64-conda-linux-gnu/sysroot/usr/lib/../lib -L/home/waleed/miniconda3/envs/ROOT/bin/../lib/gcc/x86_64-conda-linux-gnu/10.3.0/../../../../x86_64-conda-linux-gnu/lib -L/home/waleed/miniconda3/envs/ROOT/bin/../lib/gcc/x86_64-conda-linux-gnu/10.3.0/../../.. -L/home/waleed/miniconda3/envs/ROOT/bin/../x86_64-conda-linux-gnu/sysroot/lib -L/home/waleed/miniconda3/envs/ROOT/bin/../x86_64-conda-linux-gnu/sysroot/usr/lib -O2 --sort-common --as-needed -z relro -z now --disable-new-dtags --gc-sections --allow-shlib-undefined -rpath /home/waleed/miniconda3/envs/ROOT/lib -rpath-link /home/waleed/miniconda3/envs/ROOT/lib CMakeFiles/cmTC_0adb0.dir/CMakeCCompilerABI.c.o -lgcc --push-state --as-needed -lgcc_s --pop-state -lc -lgcc --push-state --as-needed -lgcc_s --pop-state /home/waleed/miniconda3/envs/ROOT/bin/../lib/gcc/x86_64-conda-linux-gnu/10.3.0/crtendS.o /home/waleed/miniconda3/envs/ROOT/bin/../x86_64-conda-linux-gnu/sysroot/usr/lib/../lib/crtn.o -rpath /home/waleed/miniconda3/envs/ROOT/lib
COLLECT_GCC_OPTIONS='-march=nocona' '-mtune=haswell' '-ftree-vectorize' '-fPIC' '-fstack-protector-strong' '-fno-plt' '-O2' '-ffunction-sections' '-pipe' '-isystem' '/home/waleed/miniconda3/envs/ROOT/include' '-L/home/waleed/miniconda3/envs/ROOT/lib' '-v' '-rdynamic' '-o' 'cmTC_0adb0'
make[1]: warning:  Clock skew detected.  Your build may be incomplete.
make[1]: Leaving directory '/mnt/d/waleed/pp45/KinFit/KinFit/build/CMakeFiles/CMakeTmp'
make: warning:  Clock skew detected.  Your build may be incomplete.



Parsed C implicit include dir info from above output: rv=done
  found start of include info
  found start of implicit include info
    add: [/home/waleed/miniconda3/envs/ROOT/include]
    add: [/home/waleed/miniconda3/envs/ROOT/bin/../lib/gcc/x86_64-conda-linux-gnu/10.3.0/include]
    add: [/home/waleed/miniconda3/envs/ROOT/bin/../lib/gcc/x86_64-conda-linux-gnu/10.3.0/include-fixed]
    add: [/home/waleed/miniconda3/envs/ROOT/bin/../lib/gcc/x86_64-conda-linux-gnu/10.3.0/../../../../x86_64-conda-linux-gnu/include]
    add: [/home/waleed/miniconda3/envs/ROOT/bin/../x86_64-conda-linux-gnu/sysroot/usr/include]
  end of search list found
  collapse include dir [/home/waleed/miniconda3/envs/ROOT/include] ==> [/home/waleed/miniconda3/envs/ROOT/include]
  collapse include dir [/home/waleed/miniconda3/envs/ROOT/bin/../lib/gcc/x86_64-conda-linux-gnu/10.3.0/include] ==> [/home/waleed/miniconda3/envs/ROOT/lib/gcc/x86_64-conda-linux-gnu/10.3.0/include]
  collapse include dir [/home/waleed/miniconda3/envs/ROOT/bin/../lib/gcc/x86_64-conda-linux-gnu/10.3.0/include-fixed] ==> [/home/waleed/miniconda3/envs/ROOT/lib/gcc/x86_64-conda-linux-gnu/10.3.0/include-fixed]
  collapse include dir [/home/waleed/miniconda3/envs/ROOT/bin/../lib/gcc/x86_64-conda-linux-gnu/10.3.0/../../../../x86_64-conda-linux-gnu/include] ==> [/home/waleed/miniconda3/envs/ROOT/x86_64-conda-linux-gnu/include]
  collapse include dir [/home/waleed/miniconda3/envs/ROOT/bin/../x86_64-conda-linux-gnu/sysroot/usr/include] ==> [/home/waleed/miniconda3/envs/ROOT/x86_64-conda-linux-gnu/sysroot/usr/include]
  implicit include dirs: [/home/waleed/miniconda3/envs/ROOT/include;/home/waleed/miniconda3/envs/ROOT/lib/gcc/x86_64-conda-linux-gnu/10.3.0/include;/home/waleed/miniconda3/envs/ROOT/lib/gcc/x86_64-conda-linux-gnu/10.3.0/include-fixed;/home/waleed/miniconda3/envs/ROOT/x86_64-conda-linux-gnu/include;/home/waleed/miniconda3/envs/ROOT/x86_64-conda-linux-gnu/sysroot/usr/include]


Parsed C implicit link information from above output:
  link line regex: [^( *|.*[/\])(ld|CMAKE_LINK_STARTFILE-NOTFOUND|([^/\]+-)?ld|collect2)[^/\]*( |$)]
  ignore line: [Change Dir: /mnt/d/waleed/pp45/KinFit/KinFit/build/CMakeFiles/CMakeTmp]
  ignore line: []
  ignore line: [Run Build Command(s):/usr/bin/make cmTC_0adb0/fast && make: Warning: File 'Makefile' has modification time 0.16 s in the future]
  ignore line: [/usr/bin/make -f CMakeFiles/cmTC_0adb0.dir/build.make CMakeFiles/cmTC_0adb0.dir/build]
  ignore line: [make[1]: Entering directory '/mnt/d/waleed/pp45/KinFit/KinFit/build/CMakeFiles/CMakeTmp']
  ignore line: [make[1]: Warning: File 'CMakeFiles/cmTC_0adb0.dir/flags.make' has modification time 0.14 s in the future]
  ignore line: [Building C object CMakeFiles/cmTC_0adb0.dir/CMakeCCompilerABI.c.o]
  ignore line: [/home/waleed/miniconda3/envs/ROOT/bin/x86_64-conda-linux-gnu-cc   -march=nocona -mtune=haswell -ftree-vectorize -fPIC -fstack-protector-strong -fno-plt -O2 -ffunction-sections -pipe -isystem /home/waleed/miniconda3/envs/ROOT/include    -v -o CMakeFiles/cmTC_0adb0.dir/CMakeCCompilerABI.c.o   -c /usr/share/cmake-3.16/Modules/CMakeCCompilerABI.c]
  ignore line: [Reading specs from /home/waleed/miniconda3/envs/ROOT/bin/../lib/gcc/x86_64-conda-linux-gnu/10.3.0/specs]
  ignore line: [could not find specs file conda.specs]
  ignore line: [COLLECT_GCC=/home/waleed/miniconda3/envs/ROOT/bin/x86_64-conda-linux-gnu-cc]
  ignore line: [Target: x86_64-conda-linux-gnu]
  ignore line: [Configured with: ../configure --prefix=/home/conda/feedstock_root/build_artifacts/gcc_compilers_1650668905383/_h_env_placehold_placehold_placehold_placehold_placehold_placehold_placehold_placehold_placehold_placehold_placehold_placehold_placehold_placehold_placehold_placehold_placehold_placeho --with-slibdir=/home/conda/feedstock_root/build_artifacts/gcc_compilers_1650668905383/_h_env_placehold_placehold_placehold_placehold_placehold_placehold_placehold_placehold_placehold_placehold_placehold_placehold_placehold_placehold_placehold_placehold_placehold_placeho/lib --libdir=/home/conda/feedstock_root/build_artifacts/gcc_compilers_1650668905383/_h_env_placehold_placehold_placehold_placehold_placehold_placehold_placehold_placehold_placehold_placehold_placehold_placehold_placehold_placehold_placehold_placehold_placehold_placeho/lib --mandir=/home/conda/feedstock_root/build_artifacts/gcc_compilers_1650668905383/_h_env_placehold_placehold_placehold_placehold_placehold_placehold_placehold_placehold_placehold_placehold_placehold_placehold_placehold_placehold_placehold_placehold_placehold_placeho/man --build=x86_64-conda-linux-gnu --host=x86_64-conda-linux-gnu --target=x86_64-conda-linux-gnu --enable-default-pie --enable-languages=c c++ fortran objc obj-c++ --enable-__cxa_atexit --disable-libmudflap --enable-libgomp --disable-libssp --enable-libquadmath --enable-libquadmath-support --enable-libsanitizer --enable-lto --enable-threads=posix --enable-target-optspace --enable-plugin --enable-gold --disable-nls --disable-bootstrap --disable-multilib --enable-long-long --with-sysroot=/home/conda/feedstock_root/build_artifacts/gcc_compilers_1650668905383/_h_env_placehold_placehold_placehold_placehold_placehold_placehold_placehold_placehold_placehold_placehold_placehold_placehold_placehold_placehold_placehold_placehold_placehold_placeho/x86_64-conda-linux-gnu/sysroot --with-build-sysroot=/home/conda/feedstock_root/build_artifacts/gcc_compilers_1650668905383/_build_env/x86_64-conda-linux-gnu/sysroot --with-gxx-include-dir=/home/conda/feedstock_root/build_artifacts/gcc_compilers_1650668905383/_h_env_placehold_placehold_placehold_placehold_placehold_placehold_placehold_placehold_placehold_placehold_placehold_placehold_placehold_placehold_placehold_placehold_placehold_placeho/x86_64-conda-linux-gnu/include/c++/10.3.0 --with-pkgversion='conda-forge gcc 10.3.0-16' --with-bugurl=https://github.com/conda-forge/ctng-compilers-feedstock/issues/new/choose]
  ignore line: [Thread model: posix]
  ignore line: [Supported LTO compression algorithms: zlib]
  ignore line: [gcc version 10.3.0 (conda-forge gcc 10.3.0-16) ]
  ignore line: [COLLECT_GCC_OPTIONS='-march=nocona' '-mtune=haswell' '-ftree-vectorize' '-fPIC' '-fstack-protector-strong' '-fno-plt' '-O2' '-ffunction-sections' '-pipe' '-isystem' '/home/waleed/miniconda3/envs/ROOT/include' '-v' '-o' 'CMakeFiles/cmTC_0adb0.dir/CMakeCCompilerABI.c.o' '-c']
  ignore line: [ /home/waleed/miniconda3/envs/ROOT/bin/../libexec/gcc/x86_64-conda-linux-gnu/10.3.0/cc1 -quiet -v -iprefix /home/waleed/miniconda3/envs/ROOT/bin/../lib/gcc/x86_64-conda-linux-gnu/10.3.0/ -isysroot /home/waleed/miniconda3/envs/ROOT/bin/../x86_64-conda-linux-gnu/sysroot -isystem /home/waleed/miniconda3/envs/ROOT/include /usr/share/cmake-3.16/Modules/CMakeCCompilerABI.c -quiet -dumpbase CMakeCCompilerABI.c -march=nocona -mtune=haswell -auxbase-strip CMakeFiles/cmTC_0adb0.dir/CMakeCCompilerABI.c.o -O2 -version -ftree-vectorize -fPIC -fstack-protector-strong -fno-plt -ffunction-sections -o - |]
  ignore line: [ /home/waleed/miniconda3/envs/ROOT/bin/../lib/gcc/x86_64-conda-linux-gnu/10.3.0/../../../../x86_64-conda-linux-gnu/bin/as -v --64 -o CMakeFiles/cmTC_0adb0.dir/CMakeCCompilerABI.c.o]
  ignore line: [GNU assembler version 2.36.1 (x86_64-conda-linux-gnu) using BFD version (GNU Binutils) 2.36.1]
  ignore line: [GNU C17 (conda-forge gcc 10.3.0-16) version 10.3.0 (x86_64-conda-linux-gnu)]
  ignore line: [	compiled by GNU C version 10.3.0  GMP version 6.1.0  MPFR version 3.1.4  MPC version 1.0.3  isl version isl-0.18-GMP]
  ignore line: []
  ignore line: [GGC heuristics: --param ggc-min-expand=100 --param ggc-min-heapsize=131072]
  ignore line: [ignoring duplicate directory "/home/waleed/miniconda3/envs/ROOT/bin/../lib/gcc/../../lib/gcc/x86_64-conda-linux-gnu/10.3.0/include"]
  ignore line: [ignoring nonexistent directory "/home/waleed/miniconda3/envs/ROOT/bin/../x86_64-conda-linux-gnu/sysroot/usr/local/include"]
  ignore line: [ignoring duplicate directory "/home/waleed/miniconda3/envs/ROOT/bin/../lib/gcc/../../lib/gcc/x86_64-conda-linux-gnu/10.3.0/include-fixed"]
  ignore line: [ignoring duplicate directory "/home/waleed/miniconda3/envs/ROOT/bin/../lib/gcc/../../lib/gcc/x86_64-conda-linux-gnu/10.3.0/../../../../x86_64-conda-linux-gnu/include"]
  ignore line: [#include "..." search starts here:]
  ignore line: [#include <...> search starts here:]
  ignore line: [ /home/waleed/miniconda3/envs/ROOT/include]
  ignore line: [ /home/waleed/miniconda3/envs/ROOT/bin/../lib/gcc/x86_64-conda-linux-gnu/10.3.0/include]
  ignore line: [ /home/waleed/miniconda3/envs/ROOT/bin/../lib/gcc/x86_64-conda-linux-gnu/10.3.0/include-fixed]
  ignore line: [ /home/waleed/miniconda3/envs/ROOT/bin/../lib/gcc/x86_64-conda-linux-gnu/10.3.0/../../../../x86_64-conda-linux-gnu/include]
  ignore line: [ /home/waleed/miniconda3/envs/ROOT/bin/../x86_64-conda-linux-gnu/sysroot/usr/include]
  ignore line: [End of search list.]
  ignore line: [GNU C17 (conda-forge gcc 10.3.0-16) version 10.3.0 (x86_64-conda-linux-gnu)]
  ignore line: [	compiled by GNU C version 10.3.0  GMP version 6.1.0  MPFR version 3.1.4  MPC version 1.0.3  isl version isl-0.18-GMP]
  ignore line: []
  ignore line: [GGC heuristics: --param ggc-min-expand=100 --param ggc-min-heapsize=131072]
  ignore line: [Compiler executable checksum: 60953d673e047b2efbd90d5b92f5ae6d]
  ignore line: [COMPILER_PATH=/home/waleed/miniconda3/envs/ROOT/bin/../libexec/gcc/x86_64-conda-linux-gnu/10.3.0/:/home/waleed/miniconda3/envs/ROOT/bin/../libexec/gcc/:/home/waleed/miniconda3/envs/ROOT/bin/../lib/gcc/x86_64-conda-linux-gnu/10.3.0/../../../../x86_64-conda-linux-gnu/bin/]
  ignore line: [LIBRARY_PATH=/home/waleed/miniconda3/envs/ROOT/bin/../lib/gcc/x86_64-conda-linux-gnu/10.3.0/:/home/waleed/miniconda3/envs/ROOT/bin/../lib/gcc/:/home/waleed/miniconda3/envs/ROOT/bin/../lib/gcc/x86_64-conda-linux-gnu/10.3.0/../../../../x86_64-conda-linux-gnu/lib/../lib/:/home/waleed/miniconda3/envs/ROOT/bin/../lib/gcc/x86_64-conda-linux-gnu/10.3.0/../../../../lib/:/home/waleed/miniconda3/envs/ROOT/bin/../x86_64-conda-linux-gnu/sysroot/lib/../lib/:/home/waleed/miniconda3/envs/ROOT/bin/../x86_64-conda-linux-gnu/sysroot/usr/lib/../lib/:/home/waleed/miniconda3/envs/ROOT/bin/../lib/gcc/x86_64-conda-linux-gnu/10.3.0/../../../../x86_64-conda-linux-gnu/lib/:/home/waleed/miniconda3/envs/ROOT/bin/../lib/gcc/x86_64-conda-linux-gnu/10.3.0/../../../:/home/waleed/miniconda3/envs/ROOT/bin/../x86_64-conda-linux-gnu/sysroot/lib/:/home/waleed/miniconda3/envs/ROOT/bin/../x86_64-conda-linux-gnu/sysroot/usr/lib/]
  ignore line: [COLLECT_GCC_OPTIONS='-march=nocona' '-mtune=haswell' '-ftree-vectorize' '-fPIC' '-fstack-protector-strong' '-fno-plt' '-O2' '-ffunction-sections' '-pipe' '-isystem' '/home/waleed/miniconda3/envs/ROOT/include' '-v' '-o' 'CMakeFiles/cmTC_0adb0.dir/CMakeCCompilerABI.c.o' '-c']
  ignore line: [Linking C executable cmTC_0adb0]
  ignore line: [/usr/bin/cmake -E cmake_link_script CMakeFiles/cmTC_0adb0.dir/link.txt --verbose=1]
  ignore line: [/home/waleed/miniconda3/envs/ROOT/bin/x86_64-conda-linux-gnu-cc -march=nocona -mtune=haswell -ftree-vectorize -fPIC -fstack-protector-strong -fno-plt -O2 -ffunction-sections -pipe -isystem /home/waleed/miniconda3/envs/ROOT/include   -Wl -O2 -Wl --sort-common -Wl --as-needed -Wl -z relro -Wl -z now -Wl --disable-new-dtags -Wl --gc-sections -Wl --allow-shlib-undefined -Wl -rpath /home/waleed/miniconda3/envs/ROOT/lib -Wl -rpath-link /home/waleed/miniconda3/envs/ROOT/lib -L/home/waleed/miniconda3/envs/ROOT/lib -v -rdynamic CMakeFiles/cmTC_0adb0.dir/CMakeCCompilerABI.c.o  -o cmTC_0adb0 ]
  ignore line: [Reading specs from /home/waleed/miniconda3/envs/ROOT/bin/../lib/gcc/x86_64-conda-linux-gnu/10.3.0/specs]
  ignore line: [could not find specs file conda.specs]
  ignore line: [COLLECT_GCC=/home/waleed/miniconda3/envs/ROOT/bin/x86_64-conda-linux-gnu-cc]
  ignore line: [COLLECT_LTO_WRAPPER=/home/waleed/miniconda3/envs/ROOT/bin/../libexec/gcc/x86_64-conda-linux-gnu/10.3.0/lto-wrapper]
  ignore line: [Target: x86_64-conda-linux-gnu]
  ignore line: [Configured with: ../configure --prefix=/home/conda/feedstock_root/build_artifacts/gcc_compilers_1650668905383/_h_env_placehold_placehold_placehold_placehold_placehold_placehold_placehold_placehold_placehold_placehold_placehold_placehold_placehold_placehold_placehold_placehold_placehold_placeho --with-slibdir=/home/conda/feedstock_root/build_artifacts/gcc_compilers_1650668905383/_h_env_placehold_placehold_placehold_placehold_placehold_placehold_placehold_placehold_placehold_placehold_placehold_placehold_placehold_placehold_placehold_placehold_placehold_placeho/lib --libdir=/home/conda/feedstock_root/build_artifacts/gcc_compilers_1650668905383/_h_env_placehold_placehold_placehold_placehold_placehold_placehold_placehold_placehold_placehold_placehold_placehold_placehold_placehold_placehold_placehold_placehold_placehold_placeho/lib --mandir=/home/conda/feedstock_root/build_artifacts/gcc_compilers_1650668905383/_h_env_placehold_placehold_placehold_placehold_placehold_placehold_placehold_placehold_placehold_placehold_placehold_placehold_placehold_placehold_placehold_placehold_placehold_placeho/man --build=x86_64-conda-linux-gnu --host=x86_64-conda-linux-gnu --target=x86_64-conda-linux-gnu --enable-default-pie --enable-languages=c c++ fortran objc obj-c++ --enable-__cxa_atexit --disable-libmudflap --enable-libgomp --disable-libssp --enable-libquadmath --enable-libquadmath-support --enable-libsanitizer --enable-lto --enable-threads=posix --enable-target-optspace --enable-plugin --enable-gold --disable-nls --disable-bootstrap --disable-multilib --enable-long-long --with-sysroot=/home/conda/feedstock_root/build_artifacts/gcc_compilers_1650668905383/_h_env_placehold_placehold_placehold_placehold_placehold_placehold_placehold_placehold_placehold_placehold_placehold_placehold_placehold_placehold_placehold_placehold_placehold_placeho/x86_64-conda-linux-gnu/sysroot --with-build-sysroot=/home/conda/feedstock_root/build_artifacts/gcc_compilers_1650668905383/_build_env/x86_64-conda-linux-gnu/sysroot --with-gxx-include-dir=/home/conda/feedstock_root/build_artifacts/gcc_compilers_1650668905383/_h_env_placehold_placehold_placehold_placehold_placehold_placehold_placehold_placehold_placehold_placehold_placehold_placehold_placehold_placehold_placehold_placehold_placehold_placeho/x86_64-conda-linux-gnu/include/c++/10.3.0 --with-pkgversion='conda-forge gcc 10.3.0-16' --with-bugurl=https://github.com/conda-forge/ctng-compilers-feedstock/issues/new/choose]
  ignore line: [Thread model: posix]
  ignore line: [Supported LTO compression algorithms: zlib]
  ignore line: [gcc version 10.3.0 (conda-forge gcc 10.3.0-16) ]
  ignore line: [COMPILER_PATH=/home/waleed/miniconda3/envs/ROOT/bin/../libexec/gcc/x86_64-conda-linux-gnu/10.3.0/:/home/waleed/miniconda3/envs/ROOT/bin/../libexec/gcc/:/home/waleed/miniconda3/envs/ROOT/bin/../lib/gcc/x86_64-conda-linux-gnu/10.3.0/../../../../x86_64-conda-linux-gnu/bin/]
  ignore line: [LIBRARY_PATH=/home/waleed/miniconda3/envs/ROOT/bin/../lib/gcc/x86_64-conda-linux-gnu/10.3.0/:/home/waleed/miniconda3/envs/ROOT/bin/../lib/gcc/:/home/waleed/miniconda3/envs/ROOT/bin/../lib/gcc/x86_64-conda-linux-gnu/10.3.0/../../../../x86_64-conda-linux-gnu/lib/../lib/:/home/waleed/miniconda3/envs/ROOT/bin/../lib/gcc/x86_64-conda-linux-gnu/10.3.0/../../../../lib/:/home/waleed/miniconda3/envs/ROOT/bin/../x86_64-conda-linux-gnu/sysroot/lib/../lib/:/home/waleed/miniconda3/envs/ROOT/bin/../x86_64-conda-linux-gnu/sysroot/usr/lib/../lib/:/home/waleed/miniconda3/envs/ROOT/bin/../lib/gcc/x86_64-conda-linux-gnu/10.3.0/../../../../x86_64-conda-linux-gnu/lib/:/home/waleed/miniconda3/envs/ROOT/bin/../lib/gcc/x86_64-conda-linux-gnu/10.3.0/../../../:/home/waleed/miniconda3/envs/ROOT/bin/../x86_64-conda-linux-gnu/sysroot/lib/:/home/waleed/miniconda3/envs/ROOT/bin/../x86_64-conda-linux-gnu/sysroot/usr/lib/]
  ignore line: [COLLECT_GCC_OPTIONS='-march=nocona' '-mtune=haswell' '-ftree-vectorize' '-fPIC' '-fstack-protector-strong' '-fno-plt' '-O2' '-ffunction-sections' '-pipe' '-isystem' '/home/waleed/miniconda3/envs/ROOT/include' '-L/home/waleed/miniconda3/envs/ROOT/lib' '-v' '-rdynamic' '-o' 'cmTC_0adb0']
  link line: [ /home/waleed/miniconda3/envs/ROOT/bin/../libexec/gcc/x86_64-conda-linux-gnu/10.3.0/collect2 -plugin /home/waleed/miniconda3/envs/ROOT/bin/../libexec/gcc/x86_64-conda-linux-gnu/10.3.0/liblto_plugin.so -plugin-opt=/home/waleed/miniconda3/envs/ROOT/bin/../libexec/gcc/x86_64-conda-linux-gnu/10.3.0/lto-wrapper -plugin-opt=-fresolution=/tmp/ccabEmtw.res -plugin-opt=-pass-through=-lgcc -plugin-opt=-pass-through=-lgcc_s -plugin-opt=-pass-through=-lc -plugin-opt=-pass-through=-lgcc -plugin-opt=-pass-through=-lgcc_s --sysroot=/home/waleed/miniconda3/envs/ROOT/bin/../x86_64-conda-linux-gnu/sysroot --eh-frame-hdr -m elf_x86_64 -export-dynamic -dynamic-linker /lib64/ld-linux-x86-64.so.2 -pie -o cmTC_0adb0 /home/waleed/miniconda3/envs/ROOT/bin/../x86_64-conda-linux-gnu/sysroot/usr/lib/../lib/Scrt1.o /home/waleed/miniconda3/envs/ROOT/bin/../x86_64-conda-linux-gnu/sysroot/usr/lib/../lib/crti.o /home/waleed/miniconda3/envs/ROOT/bin/../lib/gcc/x86_64-conda-linux-gnu/10.3.0/crtbeginS.o -L/home/waleed/miniconda3/envs/ROOT/lib -L/home/waleed/miniconda3/envs/ROOT/bin/../lib/gcc/x86_64-conda-linux-gnu/10.3.0 -L/home/waleed/miniconda3/envs/ROOT/bin/../lib/gcc -L/home/waleed/miniconda3/envs/ROOT/bin/../lib/gcc/x86_64-conda-linux-gnu/10.3.0/../../../../x86_64-conda-linux-gnu/lib/../lib -L/home/waleed/miniconda3/envs/ROOT/bin/../lib/gcc/x86_64-conda-linux-gnu/10.3.0/../../../../lib -L/home/waleed/miniconda3/envs/ROOT/bin/../x86_64-conda-linux-gnu/sysroot/lib/../lib -L/home/waleed/miniconda3/envs/ROOT/bin/../x86_64-conda-linux-gnu/sysroot/usr/lib/../lib -L/home/waleed/miniconda3/envs/ROOT/bin/../lib/gcc/x86_64-conda-linux-gnu/10.3.0/../../../../x86_64-conda-linux-gnu/lib -L/home/waleed/miniconda3/envs/ROOT/bin/../lib/gcc/x86_64-conda-linux-gnu/10.3.0/../../.. -L/home/waleed/miniconda3/envs/ROOT/bin/../x86_64-conda-linux-gnu/sysroot/lib -L/home/waleed/miniconda3/envs/ROOT/bin/../x86_64-conda-linux-gnu/sysroot/usr/lib -O2 --sort-common --as-needed -z relro -z now --disable-new-dtags --gc-sections --allow-shlib-undefined -rpath /home/waleed/miniconda3/envs/ROOT/lib -rpath-link /home/waleed/miniconda3/envs/ROOT/lib CMakeFiles/cmTC_0adb0.dir/CMakeCCompilerABI.c.o -lgcc --push-state --as-needed -lgcc_s --pop-state -lc -lgcc --push-state --as-needed -lgcc_s --pop-state /home/waleed/miniconda3/envs/ROOT/bin/../lib/gcc/x86_64-conda-linux-gnu/10.3.0/crtendS.o /home/waleed/miniconda3/envs/ROOT/bin/../x86_64-conda-linux-gnu/sysroot/usr/lib/../lib/crtn.o -rpath /home/waleed/miniconda3/envs/ROOT/lib]
    arg [/home/waleed/miniconda3/envs/ROOT/bin/../libexec/gcc/x86_64-conda-linux-gnu/10.3.0/collect2] ==> ignore
    arg [-plugin] ==> ignore
    arg [/home/waleed/miniconda3/envs/ROOT/bin/../libexec/gcc/x86_64-conda-linux-gnu/10.3.0/liblto_plugin.so] ==> ignore
    arg [-plugin-opt=/home/waleed/miniconda3/envs/ROOT/bin/../libexec/gcc/x86_64-conda-linux-gnu/10.3.0/lto-wrapper] ==> ignore
    arg [-plugin-opt=-fresolution=/tmp/ccabEmtw.res] ==> ignore
    arg [-plugin-opt=-pass-through=-lgcc] ==> ignore
    arg [-plugin-opt=-pass-through=-lgcc_s] ==> ignore
    arg [-plugin-opt=-pass-through=-lc] ==> ignore
    arg [-plugin-opt=-pass-through=-lgcc] ==> ignore
    arg [-plugin-opt=-pass-through=-lgcc_s] ==> ignore
    arg [--sysroot=/home/waleed/miniconda3/envs/ROOT/bin/../x86_64-conda-linux-gnu/sysroot] ==> ignore
    arg [--eh-frame-hdr] ==> ignore
    arg [-m] ==> ignore
    arg [elf_x86_64] ==> ignore
    arg [-export-dynamic] ==> ignore
    arg [-dynamic-linker] ==> ignore
    arg [/lib64/ld-linux-x86-64.so.2] ==> ignore
    arg [-pie] ==> ignore
    arg [-o] ==> ignore
    arg [cmTC_0adb0] ==> ignore
    arg [/home/waleed/miniconda3/envs/ROOT/bin/../x86_64-conda-linux-gnu/sysroot/usr/lib/../lib/Scrt1.o] ==> ignore
    arg [/home/waleed/miniconda3/envs/ROOT/bin/../x86_64-conda-linux-gnu/sysroot/usr/lib/../lib/crti.o] ==> ignore
    arg [/home/waleed/miniconda3/envs/ROOT/bin/../lib/gcc/x86_64-conda-linux-gnu/10.3.0/crtbeginS.o] ==> ignore
    arg [-L/home/waleed/miniconda3/envs/ROOT/lib] ==> dir [/home/waleed/miniconda3/envs/ROOT/lib]
    arg [-L/home/waleed/miniconda3/envs/ROOT/bin/../lib/gcc/x86_64-conda-linux-gnu/10.3.0] ==> dir [/home/waleed/miniconda3/envs/ROOT/bin/../lib/gcc/x86_64-conda-linux-gnu/10.3.0]
    arg [-L/home/waleed/miniconda3/envs/ROOT/bin/../lib/gcc] ==> dir [/home/waleed/miniconda3/envs/ROOT/bin/../lib/gcc]
    arg [-L/home/waleed/miniconda3/envs/ROOT/bin/../lib/gcc/x86_64-conda-linux-gnu/10.3.0/../../../../x86_64-conda-linux-gnu/lib/../lib] ==> dir [/home/waleed/miniconda3/envs/ROOT/bin/../lib/gcc/x86_64-conda-linux-gnu/10.3.0/../../../../x86_64-conda-linux-gnu/lib/../lib]
    arg [-L/home/waleed/miniconda3/envs/ROOT/bin/../lib/gcc/x86_64-conda-linux-gnu/10.3.0/../../../../lib] ==> dir [/home/waleed/miniconda3/envs/ROOT/bin/../lib/gcc/x86_64-conda-linux-gnu/10.3.0/../../../../lib]
    arg [-L/home/waleed/miniconda3/envs/ROOT/bin/../x86_64-conda-linux-gnu/sysroot/lib/../lib] ==> dir [/home/waleed/miniconda3/envs/ROOT/bin/../x86_64-conda-linux-gnu/sysroot/lib/../lib]
    arg [-L/home/waleed/miniconda3/envs/ROOT/bin/../x86_64-conda-linux-gnu/sysroot/usr/lib/../lib] ==> dir [/home/waleed/miniconda3/envs/ROOT/bin/../x86_64-conda-linux-gnu/sysroot/usr/lib/../lib]
    arg [-L/home/waleed/miniconda3/envs/ROOT/bin/../lib/gcc/x86_64-conda-linux-gnu/10.3.0/../../../../x86_64-conda-linux-gnu/lib] ==> dir [/home/waleed/miniconda3/envs/ROOT/bin/../lib/gcc/x86_64-conda-linux-gnu/10.3.0/../../../../x86_64-conda-linux-gnu/lib]
    arg [-L/home/waleed/miniconda3/envs/ROOT/bin/../lib/gcc/x86_64-conda-linux-gnu/10.3.0/../../..] ==> dir [/home/waleed/miniconda3/envs/ROOT/bin/../lib/gcc/x86_64-conda-linux-gnu/10.3.0/../../..]
    arg [-L/home/waleed/miniconda3/envs/ROOT/bin/../x86_64-conda-linux-gnu/sysroot/lib] ==> dir [/home/waleed/miniconda3/envs/ROOT/bin/../x86_64-conda-linux-gnu/sysroot/lib]
    arg [-L/home/waleed/miniconda3/envs/ROOT/bin/../x86_64-conda-linux-gnu/sysroot/usr/lib] ==> dir [/home/waleed/miniconda3/envs/ROOT/bin/../x86_64-conda-linux-gnu/sysroot/usr/lib]
    arg [-O2] ==> ignore
    arg [--sort-common] ==> ignore
    arg [--as-needed] ==> ignore
    arg [-zrelro] ==> ignore
    arg [-znow] ==> ignore
    arg [--disable-new-dtags] ==> ignore
    arg [--gc-sections] ==> ignore
    arg [--allow-shlib-undefined] ==> ignore
    arg [-rpath] ==> ignore
    arg [/home/waleed/miniconda3/envs/ROOT/lib] ==> ignore
    arg [-rpath-link] ==> ignore
    arg [/home/waleed/miniconda3/envs/ROOT/lib] ==> ignore
    arg [CMakeFiles/cmTC_0adb0.dir/CMakeCCompilerABI.c.o] ==> ignore
    arg [-lgcc] ==> lib [gcc]
    arg [--push-state] ==> ignore
    arg [--as-needed] ==> ignore
    arg [-lgcc_s] ==> lib [gcc_s]
    arg [--pop-state] ==> ignore
    arg [-lc] ==> lib [c]
    arg [-lgcc] ==> lib [gcc]
    arg [--push-state] ==> ignore
    arg [--as-needed] ==> ignore
    arg [-lgcc_s] ==> lib [gcc_s]
    arg [--pop-state] ==> ignore
    arg [/home/waleed/miniconda3/envs/ROOT/bin/../lib/gcc/x86_64-conda-linux-gnu/10.3.0/crtendS.o] ==> ignore
    arg [/home/waleed/miniconda3/envs/ROOT/bin/../x86_64-conda-linux-gnu/sysroot/usr/lib/../lib/crtn.o] ==> ignore
    arg [-rpath] ==> ignore
    arg [/home/waleed/miniconda3/envs/ROOT/lib] ==> ignore
  collapse library dir [/home/waleed/miniconda3/envs/ROOT/lib] ==> [/home/waleed/miniconda3/envs/ROOT/lib]
  collapse library dir [/home/waleed/miniconda3/envs/ROOT/bin/../lib/gcc/x86_64-conda-linux-gnu/10.3.0] ==> [/home/waleed/miniconda3/envs/ROOT/lib/gcc/x86_64-conda-linux-gnu/10.3.0]
  collapse library dir [/home/waleed/miniconda3/envs/ROOT/bin/../lib/gcc] ==> [/home/waleed/miniconda3/envs/ROOT/lib/gcc]
  collapse library dir [/home/waleed/miniconda3/envs/ROOT/bin/../lib/gcc/x86_64-conda-linux-gnu/10.3.0/../../../../x86_64-conda-linux-gnu/lib/../lib] ==> [/home/waleed/miniconda3/envs/ROOT/x86_64-conda-linux-gnu/lib]
  collapse library dir [/home/waleed/miniconda3/envs/ROOT/bin/../lib/gcc/x86_64-conda-linux-gnu/10.3.0/../../../../lib] ==> [/home/waleed/miniconda3/envs/ROOT/lib]
  collapse library dir [/home/waleed/miniconda3/envs/ROOT/bin/../x86_64-conda-linux-gnu/sysroot/lib/../lib] ==> [/home/waleed/miniconda3/envs/ROOT/x86_64-conda-linux-gnu/sysroot/lib]
  collapse library dir [/home/waleed/miniconda3/envs/ROOT/bin/../x86_64-conda-linux-gnu/sysroot/usr/lib/../lib] ==> [/home/waleed/miniconda3/envs/ROOT/x86_64-conda-linux-gnu/sysroot/usr/lib]
  collapse library dir [/home/waleed/miniconda3/envs/ROOT/bin/../lib/gcc/x86_64-conda-linux-gnu/10.3.0/../../../../x86_64-conda-linux-gnu/lib] ==> [/home/waleed/miniconda3/envs/ROOT/x86_64-conda-linux-gnu/lib]
  collapse library dir [/home/waleed/miniconda3/envs/ROOT/bin/../lib/gcc/x86_64-conda-linux-gnu/10.3.0/../../..] ==> [/home/waleed/miniconda3/envs/ROOT/lib]
  collapse library dir [/home/waleed/miniconda3/envs/ROOT/bin/../x86_64-conda-linux-gnu/sysroot/lib] ==> [/home/waleed/miniconda3/envs/ROOT/x86_64-conda-linux-gnu/sysroot/lib]
  collapse library dir [/home/waleed/miniconda3/envs/ROOT/bin/../x86_64-conda-linux-gnu/sysroot/usr/lib] ==> [/home/waleed/miniconda3/envs/ROOT/x86_64-conda-linux-gnu/sysroot/usr/lib]
  implicit libs: [gcc;gcc_s;c;gcc;gcc_s]
  implicit dirs: [/home/waleed/miniconda3/envs/ROOT/lib;/home/waleed/miniconda3/envs/ROOT/lib/gcc/x86_64-conda-linux-gnu/10.3.0;/home/waleed/miniconda3/envs/ROOT/lib/gcc;/home/waleed/miniconda3/envs/ROOT/x86_64-conda-linux-gnu/lib;/home/waleed/miniconda3/envs/ROOT/x86_64-conda-linux-gnu/sysroot/lib;/home/waleed/miniconda3/envs/ROOT/x86_64-conda-linux-gnu/sysroot/usr/lib]
  implicit fwks: []


Determining if the CXX compiler works passed with the following output:
Change Dir: /mnt/d/waleed/pp45/KinFit/KinFit/build/CMakeFiles/CMakeTmp

Run Build Command(s):/usr/bin/make cmTC_fbae4/fast && make: Warning: File 'Makefile' has modification time 1.3 s in the future
/usr/bin/make -f CMakeFiles/cmTC_fbae4.dir/build.make CMakeFiles/cmTC_fbae4.dir/build
make[1]: Entering directory '/mnt/d/waleed/pp45/KinFit/KinFit/build/CMakeFiles/CMakeTmp'
make[1]: Warning: File 'CMakeFiles/cmTC_fbae4.dir/flags.make' has modification time 1.3 s in the future
Building CXX object CMakeFiles/cmTC_fbae4.dir/testCXXCompiler.cxx.o
/home/waleed/miniconda3/envs/ROOT/bin/x86_64-conda-linux-gnu-c++    -fvisibility-inlines-hidden -std=c++17 -fmessage-length=0 -march=nocona -mtune=haswell -ftree-vectorize -fPIC -fstack-protector-strong -fno-plt -O2 -ffunction-sections -pipe -isystem /home/waleed/miniconda3/envs/ROOT/include    -o CMakeFiles/cmTC_fbae4.dir/testCXXCompiler.cxx.o -c /mnt/d/waleed/pp45/KinFit/KinFit/build/CMakeFiles/CMakeTmp/testCXXCompiler.cxx
Linking CXX executable cmTC_fbae4
/usr/bin/cmake -E cmake_link_script CMakeFiles/cmTC_fbae4.dir/link.txt --verbose=1
/home/waleed/miniconda3/envs/ROOT/bin/x86_64-conda-linux-gnu-c++  -fvisibility-inlines-hidden -std=c++17 -fmessage-length=0 -march=nocona -mtune=haswell -ftree-vectorize -fPIC -fstack-protector-strong -fno-plt -O2 -ffunction-sections -pipe -isystem /home/waleed/miniconda3/envs/ROOT/include   -Wl,-O2 -Wl,--sort-common -Wl,--as-needed -Wl,-z,relro -Wl,-z,now -Wl,--disable-new-dtags -Wl,--gc-sections -Wl,--allow-shlib-undefined -Wl,-rpath,/home/waleed/miniconda3/envs/ROOT/lib -Wl,-rpath-link,/home/waleed/miniconda3/envs/ROOT/lib -L/home/waleed/miniconda3/envs/ROOT/lib  -rdynamic CMakeFiles/cmTC_fbae4.dir/testCXXCompiler.cxx.o  -o cmTC_fbae4 
make[1]: warning:  Clock skew detected.  Your build may be incomplete.
make[1]: Leaving directory '/mnt/d/waleed/pp45/KinFit/KinFit/build/CMakeFiles/CMakeTmp'
make: warning:  Clock skew detected.  Your build may be incomplete.



Detecting CXX compiler ABI info compiled with the following output:
Change Dir: /mnt/d/waleed/pp45/KinFit/KinFit/build/CMakeFiles/CMakeTmp

Run Build Command(s):/usr/bin/make cmTC_61f0e/fast && make: Warning: File 'Makefile' has modification time 0.48 s in the future
/usr/bin/make -f CMakeFiles/cmTC_61f0e.dir/build.make CMakeFiles/cmTC_61f0e.dir/build
make[1]: Entering directory '/mnt/d/waleed/pp45/KinFit/KinFit/build/CMakeFiles/CMakeTmp'
make[1]: Warning: File 'CMakeFiles/cmTC_61f0e.dir/flags.make' has modification time 0.47 s in the future
Building CXX object CMakeFiles/cmTC_61f0e.dir/CMakeCXXCompilerABI.cpp.o
/home/waleed/miniconda3/envs/ROOT/bin/x86_64-conda-linux-gnu-c++    -fvisibility-inlines-hidden -std=c++17 -fmessage-length=0 -march=nocona -mtune=haswell -ftree-vectorize -fPIC -fstack-protector-strong -fno-plt -O2 -ffunction-sections -pipe -isystem /home/waleed/miniconda3/envs/ROOT/include    -v -o CMakeFiles/cmTC_61f0e.dir/CMakeCXXCompilerABI.cpp.o -c /usr/share/cmake-3.16/Modules/CMakeCXXCompilerABI.cpp
Reading specs from /home/waleed/miniconda3/envs/ROOT/bin/../lib/gcc/x86_64-conda-linux-gnu/10.3.0/specs
could not find specs file conda.specs
COLLECT_GCC=/home/waleed/miniconda3/envs/ROOT/bin/x86_64-conda-linux-gnu-c++
Target: x86_64-conda-linux-gnu
Configured with: ../configure --prefix=/home/conda/feedstock_root/build_artifacts/gcc_compilers_1650668905383/_h_env_placehold_placehold_placehold_placehold_placehold_placehold_placehold_placehold_placehold_placehold_placehold_placehold_placehold_placehold_placehold_placehold_placehold_placeho --with-slibdir=/home/conda/feedstock_root/build_artifacts/gcc_compilers_1650668905383/_h_env_placehold_placehold_placehold_placehold_placehold_placehold_placehold_placehold_placehold_placehold_placehold_placehold_placehold_placehold_placehold_placehold_placehold_placeho/lib --libdir=/home/conda/feedstock_root/build_artifacts/gcc_compilers_1650668905383/_h_env_placehold_placehold_placehold_placehold_placehold_placehold_placehold_placehold_placehold_placehold_placehold_placehold_placehold_placehold_placehold_placehold_placehold_placeho/lib --mandir=/home/conda/feedstock_root/build_artifacts/gcc_compilers_1650668905383/_h_env_placehold_placehold_placehold_placehold_placehold_placehold_placehold_placehold_placehold_placehold_placehold_placehold_placehold_placehold_placehold_placehold_placehold_placeho/man --build=x86_64-conda-linux-gnu --host=x86_64-conda-linux-gnu --target=x86_64-conda-linux-gnu --enable-default-pie --enable-languages=c,c++,fortran,objc,obj-c++ --enable-__cxa_atexit --disable-libmudflap --enable-libgomp --disable-libssp --enable-libquadmath --enable-libquadmath-support --enable-libsanitizer --enable-lto --enable-threads=posix --enable-target-optspace --enable-plugin --enable-gold --disable-nls --disable-bootstrap --disable-multilib --enable-long-long --with-sysroot=/home/conda/feedstock_root/build_artifacts/gcc_compilers_1650668905383/_h_env_placehold_placehold_placehold_placehold_placehold_placehold_placehold_placehold_placehold_placehold_placehold_placehold_placehold_placehold_placehold_placehold_placehold_placeho/x86_64-conda-linux-gnu/sysroot --with-build-sysroot=/home/conda/feedstock_root/build_artifacts/gcc_compilers_1650668905383/_build_env/x86_64-conda-linux-gnu/sysroot --with-gxx-include-dir=/home/conda/feedstock_root/build_artifacts/gcc_compilers_1650668905383/_h_env_placehold_placehold_placehold_placehold_placehold_placehold_placehold_placehold_placehold_placehold_placehold_placehold_placehold_placehold_placehold_placehold_placehold_placeho/x86_64-conda-linux-gnu/include/c++/10.3.0 --with-pkgversion='conda-forge gcc 10.3.0-16' --with-bugurl=https://github.com/conda-forge/ctng-compilers-feedstock/issues/new/choose
Thread model: posix
Supported LTO compression algorithms: zlib
gcc version 10.3.0 (conda-forge gcc 10.3.0-16) 
COLLECT_GCC_OPTIONS='-fvisibility-inlines-hidden' '-std=c++17' '-fmessage-length=0' '-march=nocona' '-mtune=haswell' '-ftree-vectorize' '-fPIC' '-fstack-protector-strong' '-fno-plt' '-O2' '-ffunction-sections' '-pipe' '-isystem' '/home/waleed/miniconda3/envs/ROOT/include' '-v' '-o' 'CMakeFiles/cmTC_61f0e.dir/CMakeCXXCompilerABI.cpp.o' '-c' '-shared-libgcc'
 /home/waleed/miniconda3/envs/ROOT/bin/../libexec/gcc/x86_64-conda-linux-gnu/10.3.0/cc1plus -quiet -v -iprefix /home/waleed/miniconda3/envs/ROOT/bin/../lib/gcc/x86_64-conda-linux-gnu/10.3.0/ -isysroot /home/waleed/miniconda3/envs/ROOT/bin/../x86_64-conda-linux-gnu/sysroot -D_GNU_SOURCE -isystem /home/waleed/miniconda3/envs/ROOT/include /usr/share/cmake-3.16/Modules/CMakeCXXCompilerABI.cpp -quiet -dumpbase CMakeCXXCompilerABI.cpp -march=nocona -mtune=haswell -auxbase-strip CMakeFiles/cmTC_61f0e.dir/CMakeCXXCompilerABI.cpp.o -O2 -std=c++17 -version -fvisibility-inlines-hidden -fmessage-length=0 -ftree-vectorize -fPIC -fstack-protector-strong -fno-plt -ffunction-sections -o - |
 /home/waleed/miniconda3/envs/ROOT/bin/../lib/gcc/x86_64-conda-linux-gnu/10.3.0/../../../../x86_64-conda-linux-gnu/bin/as -v --64 -o CMakeFiles/cmTC_61f0e.dir/CMakeCXXCompilerABI.cpp.o
GNU assembler version 2.36.1 (x86_64-conda-linux-gnu) using BFD version (GNU Binutils) 2.36.1
GNU C++17 (conda-forge gcc 10.3.0-16) version 10.3.0 (x86_64-conda-linux-gnu)
	compiled by GNU C version 10.3.0, GMP version 6.1.0, MPFR version 3.1.4, MPC version 1.0.3, isl version isl-0.18-GMP

GGC heuristics: --param ggc-min-expand=100 --param ggc-min-heapsize=131072
ignoring duplicate directory "/home/waleed/miniconda3/envs/ROOT/bin/../lib/gcc/../../lib/gcc/x86_64-conda-linux-gnu/10.3.0/include"
ignoring nonexistent directory "/home/waleed/miniconda3/envs/ROOT/bin/../x86_64-conda-linux-gnu/sysroot/usr/local/include"
ignoring duplicate directory "/home/waleed/miniconda3/envs/ROOT/bin/../lib/gcc/../../lib/gcc/x86_64-conda-linux-gnu/10.3.0/include-fixed"
ignoring duplicate directory "/home/waleed/miniconda3/envs/ROOT/bin/../lib/gcc/../../lib/gcc/x86_64-conda-linux-gnu/10.3.0/../../../../x86_64-conda-linux-gnu/include"
#include "..." search starts here:
#include <...> search starts here:
 /home/waleed/miniconda3/envs/ROOT/include
 /home/waleed/miniconda3/envs/ROOT/bin/../lib/gcc/x86_64-conda-linux-gnu/10.3.0/include
 /home/waleed/miniconda3/envs/ROOT/bin/../lib/gcc/x86_64-conda-linux-gnu/10.3.0/include-fixed
 /home/waleed/miniconda3/envs/ROOT/bin/../lib/gcc/x86_64-conda-linux-gnu/10.3.0/../../../../x86_64-conda-linux-gnu/include
 /home/waleed/miniconda3/envs/ROOT/bin/../lib/gcc/../../x86_64-conda-linux-gnu/include/c++/10.3.0
 /home/waleed/miniconda3/envs/ROOT/bin/../lib/gcc/../../x86_64-conda-linux-gnu/include/c++/10.3.0/x86_64-conda-linux-gnu
 /home/waleed/miniconda3/envs/ROOT/bin/../lib/gcc/../../x86_64-conda-linux-gnu/include/c++/10.3.0/backward
 /home/waleed/miniconda3/envs/ROOT/bin/../x86_64-conda-linux-gnu/sysroot/usr/include
End of search list.
GNU C++17 (conda-forge gcc 10.3.0-16) version 10.3.0 (x86_64-conda-linux-gnu)
	compiled by GNU C version 10.3.0, GMP version 6.1.0, MPFR version 3.1.4, MPC version 1.0.3, isl version isl-0.18-GMP

GGC heuristics: --param ggc-min-expand=100 --param ggc-min-heapsize=131072
Compiler executable checksum: e1c8fb57619ce138e8af3084d7412096
COMPILER_PATH=/home/waleed/miniconda3/envs/ROOT/bin/../libexec/gcc/x86_64-conda-linux-gnu/10.3.0/:/home/waleed/miniconda3/envs/ROOT/bin/../libexec/gcc/:/home/waleed/miniconda3/envs/ROOT/bin/../lib/gcc/x86_64-conda-linux-gnu/10.3.0/../../../../x86_64-conda-linux-gnu/bin/
LIBRARY_PATH=/home/waleed/miniconda3/envs/ROOT/bin/../lib/gcc/x86_64-conda-linux-gnu/10.3.0/:/home/waleed/miniconda3/envs/ROOT/bin/../lib/gcc/:/home/waleed/miniconda3/envs/ROOT/bin/../lib/gcc/x86_64-conda-linux-gnu/10.3.0/../../../../x86_64-conda-linux-gnu/lib/../lib/:/home/waleed/miniconda3/envs/ROOT/bin/../lib/gcc/x86_64-conda-linux-gnu/10.3.0/../../../../lib/:/home/waleed/miniconda3/envs/ROOT/bin/../x86_64-conda-linux-gnu/sysroot/lib/../lib/:/home/waleed/miniconda3/envs/ROOT/bin/../x86_64-conda-linux-gnu/sysroot/usr/lib/../lib/:/home/waleed/miniconda3/envs/ROOT/bin/../lib/gcc/x86_64-conda-linux-gnu/10.3.0/../../../../x86_64-conda-linux-gnu/lib/:/home/waleed/miniconda3/envs/ROOT/bin/../lib/gcc/x86_64-conda-linux-gnu/10.3.0/../../../:/home/waleed/miniconda3/envs/ROOT/bin/../x86_64-conda-linux-gnu/sysroot/lib/:/home/waleed/miniconda3/envs/ROOT/bin/../x86_64-conda-linux-gnu/sysroot/usr/lib/
COLLECT_GCC_OPTIONS='-fvisibility-inlines-hidden' '-std=c++17' '-fmessage-length=0' '-march=nocona' '-mtune=haswell' '-ftree-vectorize' '-fPIC' '-fstack-protector-strong' '-fno-plt' '-O2' '-ffunction-sections' '-pipe' '-isystem' '/home/waleed/miniconda3/envs/ROOT/include' '-v' '-o' 'CMakeFiles/cmTC_61f0e.dir/CMakeCXXCompilerABI.cpp.o' '-c' '-shared-libgcc'
Linking CXX executable cmTC_61f0e
/usr/bin/cmake -E cmake_link_script CMakeFiles/cmTC_61f0e.dir/link.txt --verbose=1
/home/waleed/miniconda3/envs/ROOT/bin/x86_64-conda-linux-gnu-c++  -fvisibility-inlines-hidden -std=c++17 -fmessage-length=0 -march=nocona -mtune=haswell -ftree-vectorize -fPIC -fstack-protector-strong -fno-plt -O2 -ffunction-sections -pipe -isystem /home/waleed/miniconda3/envs/ROOT/include   -Wl,-O2 -Wl,--sort-common -Wl,--as-needed -Wl,-z,relro -Wl,-z,now -Wl,--disable-new-dtags -Wl,--gc-sections -Wl,--allow-shlib-undefined -Wl,-rpath,/home/waleed/miniconda3/envs/ROOT/lib -Wl,-rpath-link,/home/waleed/miniconda3/envs/ROOT/lib -L/home/waleed/miniconda3/envs/ROOT/lib -v -rdynamic CMakeFiles/cmTC_61f0e.dir/CMakeCXXCompilerABI.cpp.o  -o cmTC_61f0e 
Reading specs from /home/waleed/miniconda3/envs/ROOT/bin/../lib/gcc/x86_64-conda-linux-gnu/10.3.0/specs
could not find specs file conda.specs
COLLECT_GCC=/home/waleed/miniconda3/envs/ROOT/bin/x86_64-conda-linux-gnu-c++
COLLECT_LTO_WRAPPER=/home/waleed/miniconda3/envs/ROOT/bin/../libexec/gcc/x86_64-conda-linux-gnu/10.3.0/lto-wrapper
Target: x86_64-conda-linux-gnu
Configured with: ../configure --prefix=/home/conda/feedstock_root/build_artifacts/gcc_compilers_1650668905383/_h_env_placehold_placehold_placehold_placehold_placehold_placehold_placehold_placehold_placehold_placehold_placehold_placehold_placehold_placehold_placehold_placehold_placehold_placeho --with-slibdir=/home/conda/feedstock_root/build_artifacts/gcc_compilers_1650668905383/_h_env_placehold_placehold_placehold_placehold_placehold_placehold_placehold_placehold_placehold_placehold_placehold_placehold_placehold_placehold_placehold_placehold_placehold_placeho/lib --libdir=/home/conda/feedstock_root/build_artifacts/gcc_compilers_1650668905383/_h_env_placehold_placehold_placehold_placehold_placehold_placehold_placehold_placehold_placehold_placehold_placehold_placehold_placehold_placehold_placehold_placehold_placehold_placeho/lib --mandir=/home/conda/feedstock_root/build_artifacts/gcc_compilers_1650668905383/_h_env_placehold_placehold_placehold_placehold_placehold_placehold_placehold_placehold_placehold_placehold_placehold_placehold_placehold_placehold_placehold_placehold_placehold_placeho/man --build=x86_64-conda-linux-gnu --host=x86_64-conda-linux-gnu --target=x86_64-conda-linux-gnu --enable-default-pie --enable-languages=c,c++,fortran,objc,obj-c++ --enable-__cxa_atexit --disable-libmudflap --enable-libgomp --disable-libssp --enable-libquadmath --enable-libquadmath-support --enable-libsanitizer --enable-lto --enable-threads=posix --enable-target-optspace --enable-plugin --enable-gold --disable-nls --disable-bootstrap --disable-multilib --enable-long-long --with-sysroot=/home/conda/feedstock_root/build_artifacts/gcc_compilers_1650668905383/_h_env_placehold_placehold_placehold_placehold_placehold_placehold_placehold_placehold_placehold_placehold_placehold_placehold_placehold_placehold_placehold_placehold_placehold_placeho/x86_64-conda-linux-gnu/sysroot --with-build-sysroot=/home/conda/feedstock_root/build_artifacts/gcc_compilers_1650668905383/_build_env/x86_64-conda-linux-gnu/sysroot --with-gxx-include-dir=/home/conda/feedstock_root/build_artifacts/gcc_compilers_1650668905383/_h_env_placehold_placehold_placehold_placehold_placehold_placehold_placehold_placehold_placehold_placehold_placehold_placehold_placehold_placehold_placehold_placehold_placehold_placeho/x86_64-conda-linux-gnu/include/c++/10.3.0 --with-pkgversion='conda-forge gcc 10.3.0-16' --with-bugurl=https://github.com/conda-forge/ctng-compilers-feedstock/issues/new/choose
Thread model: posix
Supported LTO compression algorithms: zlib
gcc version 10.3.0 (conda-forge gcc 10.3.0-16) 
COMPILER_PATH=/home/waleed/miniconda3/envs/ROOT/bin/../libexec/gcc/x86_64-conda-linux-gnu/10.3.0/:/home/waleed/miniconda3/envs/ROOT/bin/../libexec/gcc/:/home/waleed/miniconda3/envs/ROOT/bin/../lib/gcc/x86_64-conda-linux-gnu/10.3.0/../../../../x86_64-conda-linux-gnu/bin/
LIBRARY_PATH=/home/waleed/miniconda3/envs/ROOT/bin/../lib/gcc/x86_64-conda-linux-gnu/10.3.0/:/home/waleed/miniconda3/envs/ROOT/bin/../lib/gcc/:/home/waleed/miniconda3/envs/ROOT/bin/../lib/gcc/x86_64-conda-linux-gnu/10.3.0/../../../../x86_64-conda-linux-gnu/lib/../lib/:/home/waleed/miniconda3/envs/ROOT/bin/../lib/gcc/x86_64-conda-linux-gnu/10.3.0/../../../../lib/:/home/waleed/miniconda3/envs/ROOT/bin/../x86_64-conda-linux-gnu/sysroot/lib/../lib/:/home/waleed/miniconda3/envs/ROOT/bin/../x86_64-conda-linux-gnu/sysroot/usr/lib/../lib/:/home/waleed/miniconda3/envs/ROOT/bin/../lib/gcc/x86_64-conda-linux-gnu/10.3.0/../../../../x86_64-conda-linux-gnu/lib/:/home/waleed/miniconda3/envs/ROOT/bin/../lib/gcc/x86_64-conda-linux-gnu/10.3.0/../../../:/home/waleed/miniconda3/envs/ROOT/bin/../x86_64-conda-linux-gnu/sysroot/lib/:/home/waleed/miniconda3/envs/ROOT/bin/../x86_64-conda-linux-gnu/sysroot/usr/lib/
COLLECT_GCC_OPTIONS='-fvisibility-inlines-hidden' '-std=c++17' '-fmessage-length=0' '-march=nocona' '-mtune=haswell' '-ftree-vectorize' '-fPIC' '-fstack-protector-strong' '-fno-plt' '-O2' '-ffunction-sections' '-pipe' '-isystem' '/home/waleed/miniconda3/envs/ROOT/include' '-L/home/waleed/miniconda3/envs/ROOT/lib' '-v' '-rdynamic' '-o' 'cmTC_61f0e' '-shared-libgcc'
 /home/waleed/miniconda3/envs/ROOT/bin/../libexec/gcc/x86_64-conda-linux-gnu/10.3.0/collect2 -plugin /home/waleed/miniconda3/envs/ROOT/bin/../libexec/gcc/x86_64-conda-linux-gnu/10.3.0/liblto_plugin.so -plugin-opt=/home/waleed/miniconda3/envs/ROOT/bin/../libexec/gcc/x86_64-conda-linux-gnu/10.3.0/lto-wrapper -plugin-opt=-fresolution=/tmp/cchh8SRs.res -plugin-opt=-pass-through=-lgcc_s -plugin-opt=-pass-through=-lgcc -plugin-opt=-pass-through=-lc -plugin-opt=-pass-through=-lgcc_s -plugin-opt=-pass-through=-lgcc --sysroot=/home/waleed/miniconda3/envs/ROOT/bin/../x86_64-conda-linux-gnu/sysroot --eh-frame-hdr -m elf_x86_64 -export-dynamic -dynamic-linker /lib64/ld-linux-x86-64.so.2 -pie -o cmTC_61f0e /home/waleed/miniconda3/envs/ROOT/bin/../x86_64-conda-linux-gnu/sysroot/usr/lib/../lib/Scrt1.o /home/waleed/miniconda3/envs/ROOT/bin/../x86_64-conda-linux-gnu/sysroot/usr/lib/../lib/crti.o /home/waleed/miniconda3/envs/ROOT/bin/../lib/gcc/x86_64-conda-linux-gnu/10.3.0/crtbeginS.o -L/home/waleed/miniconda3/envs/ROOT/lib -L/home/waleed/miniconda3/envs/ROOT/bin/../lib/gcc/x86_64-conda-linux-gnu/10.3.0 -L/home/waleed/miniconda3/envs/ROOT/bin/../lib/gcc -L/home/waleed/miniconda3/envs/ROOT/bin/../lib/gcc/x86_64-conda-linux-gnu/10.3.0/../../../../x86_64-conda-linux-gnu/lib/../lib -L/home/waleed/miniconda3/envs/ROOT/bin/../lib/gcc/x86_64-conda-linux-gnu/10.3.0/../../../../lib -L/home/waleed/miniconda3/envs/ROOT/bin/../x86_64-conda-linux-gnu/sysroot/lib/../lib -L/home/waleed/miniconda3/envs/ROOT/bin/../x86_64-conda-linux-gnu/sysroot/usr/lib/../lib -L/home/waleed/miniconda3/envs/ROOT/bin/../lib/gcc/x86_64-conda-linux-gnu/10.3.0/../../../../x86_64-conda-linux-gnu/lib -L/home/waleed/miniconda3/envs/ROOT/bin/../lib/gcc/x86_64-conda-linux-gnu/10.3.0/../../.. -L/home/waleed/miniconda3/envs/ROOT/bin/../x86_64-conda-linux-gnu/sysroot/lib -L/home/waleed/miniconda3/envs/ROOT/bin/../x86_64-conda-linux-gnu/sysroot/usr/lib -O2 --sort-common --as-needed -z relro -z now --disable-new-dtags --gc-sections --allow-shlib-undefined -rpath /home/waleed/miniconda3/envs/ROOT/lib -rpath-link /home/waleed/miniconda3/envs/ROOT/lib CMakeFiles/cmTC_61f0e.dir/CMakeCXXCompilerABI.cpp.o -lstdc++ -lm -lgcc_s -lgcc -lc -lgcc_s -lgcc /home/waleed/miniconda3/envs/ROOT/bin/../lib/gcc/x86_64-conda-linux-gnu/10.3.0/crtendS.o /home/waleed/miniconda3/envs/ROOT/bin/../x86_64-conda-linux-gnu/sysroot/usr/lib/../lib/crtn.o -rpath /home/waleed/miniconda3/envs/ROOT/lib
COLLECT_GCC_OPTIONS='-fvisibility-inlines-hidden' '-std=c++17' '-fmessage-length=0' '-march=nocona' '-mtune=haswell' '-ftree-vectorize' '-fPIC' '-fstack-protector-strong' '-fno-plt' '-O2' '-ffunction-sections' '-pipe' '-isystem' '/home/waleed/miniconda3/envs/ROOT/include' '-L/home/waleed/miniconda3/envs/ROOT/lib' '-v' '-rdynamic' '-o' 'cmTC_61f0e' '-shared-libgcc'
make[1]: warning:  Clock skew detected.  Your build may be incomplete.
make[1]: Leaving directory '/mnt/d/waleed/pp45/KinFit/KinFit/build/CMakeFiles/CMakeTmp'
make: warning:  Clock skew detected.  Your build may be incomplete.



Parsed CXX implicit include dir info from above output: rv=done
  found start of include info
  found start of implicit include info
    add: [/home/waleed/miniconda3/envs/ROOT/include]
    add: [/home/waleed/miniconda3/envs/ROOT/bin/../lib/gcc/x86_64-conda-linux-gnu/10.3.0/include]
    add: [/home/waleed/miniconda3/envs/ROOT/bin/../lib/gcc/x86_64-conda-linux-gnu/10.3.0/include-fixed]
    add: [/home/waleed/miniconda3/envs/ROOT/bin/../lib/gcc/x86_64-conda-linux-gnu/10.3.0/../../../../x86_64-conda-linux-gnu/include]
    add: [/home/waleed/miniconda3/envs/ROOT/bin/../lib/gcc/../../x86_64-conda-linux-gnu/include/c++/10.3.0]
    add: [/home/waleed/miniconda3/envs/ROOT/bin/../lib/gcc/../../x86_64-conda-linux-gnu/include/c++/10.3.0/x86_64-conda-linux-gnu]
    add: [/home/waleed/miniconda3/envs/ROOT/bin/../lib/gcc/../../x86_64-conda-linux-gnu/include/c++/10.3.0/backward]
    add: [/home/waleed/miniconda3/envs/ROOT/bin/../x86_64-conda-linux-gnu/sysroot/usr/include]
  end of search list found
  collapse include dir [/home/waleed/miniconda3/envs/ROOT/include] ==> [/home/waleed/miniconda3/envs/ROOT/include]
  collapse include dir [/home/waleed/miniconda3/envs/ROOT/bin/../lib/gcc/x86_64-conda-linux-gnu/10.3.0/include] ==> [/home/waleed/miniconda3/envs/ROOT/lib/gcc/x86_64-conda-linux-gnu/10.3.0/include]
  collapse include dir [/home/waleed/miniconda3/envs/ROOT/bin/../lib/gcc/x86_64-conda-linux-gnu/10.3.0/include-fixed] ==> [/home/waleed/miniconda3/envs/ROOT/lib/gcc/x86_64-conda-linux-gnu/10.3.0/include-fixed]
  collapse include dir [/home/waleed/miniconda3/envs/ROOT/bin/../lib/gcc/x86_64-conda-linux-gnu/10.3.0/../../../../x86_64-conda-linux-gnu/include] ==> [/home/waleed/miniconda3/envs/ROOT/x86_64-conda-linux-gnu/include]
  collapse include dir [/home/waleed/miniconda3/envs/ROOT/bin/../lib/gcc/../../x86_64-conda-linux-gnu/include/c++/10.3.0] ==> [/home/waleed/miniconda3/envs/ROOT/x86_64-conda-linux-gnu/include/c++/10.3.0]
  collapse include dir [/home/waleed/miniconda3/envs/ROOT/bin/../lib/gcc/../../x86_64-conda-linux-gnu/include/c++/10.3.0/x86_64-conda-linux-gnu] ==> [/home/waleed/miniconda3/envs/ROOT/x86_64-conda-linux-gnu/include/c++/10.3.0/x86_64-conda-linux-gnu]
  collapse include dir [/home/waleed/miniconda3/envs/ROOT/bin/../lib/gcc/../../x86_64-conda-linux-gnu/include/c++/10.3.0/backward] ==> [/home/waleed/miniconda3/envs/ROOT/x86_64-conda-linux-gnu/include/c++/10.3.0/backward]
  collapse include dir [/home/waleed/miniconda3/envs/ROOT/bin/../x86_64-conda-linux-gnu/sysroot/usr/include] ==> [/home/waleed/miniconda3/envs/ROOT/x86_64-conda-linux-gnu/sysroot/usr/include]
  implicit include dirs: [/home/waleed/miniconda3/envs/ROOT/include;/home/waleed/miniconda3/envs/ROOT/lib/gcc/x86_64-conda-linux-gnu/10.3.0/include;/home/waleed/miniconda3/envs/ROOT/lib/gcc/x86_64-conda-linux-gnu/10.3.0/include-fixed;/home/waleed/miniconda3/envs/ROOT/x86_64-conda-linux-gnu/include;/home/waleed/miniconda3/envs/ROOT/x86_64-conda-linux-gnu/include/c++/10.3.0;/home/waleed/miniconda3/envs/ROOT/x86_64-conda-linux-gnu/include/c++/10.3.0/x86_64-conda-linux-gnu;/home/waleed/miniconda3/envs/ROOT/x86_64-conda-linux-gnu/include/c++/10.3.0/backward;/home/waleed/miniconda3/envs/ROOT/x86_64-conda-linux-gnu/sysroot/usr/include]


Parsed CXX implicit link information from above output:
  link line regex: [^( *|.*[/\])(ld|CMAKE_LINK_STARTFILE-NOTFOUND|([^/\]+-)?ld|collect2)[^/\]*( |$)]
  ignore line: [Change Dir: /mnt/d/waleed/pp45/KinFit/KinFit/build/CMakeFiles/CMakeTmp]
  ignore line: []
  ignore line: [Run Build Command(s):/usr/bin/make cmTC_61f0e/fast && make: Warning: File 'Makefile' has modification time 0.48 s in the future]
  ignore line: [/usr/bin/make -f CMakeFiles/cmTC_61f0e.dir/build.make CMakeFiles/cmTC_61f0e.dir/build]
  ignore line: [make[1]: Entering directory '/mnt/d/waleed/pp45/KinFit/KinFit/build/CMakeFiles/CMakeTmp']
  ignore line: [make[1]: Warning: File 'CMakeFiles/cmTC_61f0e.dir/flags.make' has modification time 0.47 s in the future]
  ignore line: [Building CXX object CMakeFiles/cmTC_61f0e.dir/CMakeCXXCompilerABI.cpp.o]
  ignore line: [/home/waleed/miniconda3/envs/ROOT/bin/x86_64-conda-linux-gnu-c++    -fvisibility-inlines-hidden -std=c++17 -fmessage-length=0 -march=nocona -mtune=haswell -ftree-vectorize -fPIC -fstack-protector-strong -fno-plt -O2 -ffunction-sections -pipe -isystem /home/waleed/miniconda3/envs/ROOT/include    -v -o CMakeFiles/cmTC_61f0e.dir/CMakeCXXCompilerABI.cpp.o -c /usr/share/cmake-3.16/Modules/CMakeCXXCompilerABI.cpp]
  ignore line: [Reading specs from /home/waleed/miniconda3/envs/ROOT/bin/../lib/gcc/x86_64-conda-linux-gnu/10.3.0/specs]
  ignore line: [could not find specs file conda.specs]
  ignore line: [COLLECT_GCC=/home/waleed/miniconda3/envs/ROOT/bin/x86_64-conda-linux-gnu-c++]
  ignore line: [Target: x86_64-conda-linux-gnu]
  ignore line: [Configured with: ../configure --prefix=/home/conda/feedstock_root/build_artifacts/gcc_compilers_1650668905383/_h_env_placehold_placehold_placehold_placehold_placehold_placehold_placehold_placehold_placehold_placehold_placehold_placehold_placehold_placehold_placehold_placehold_placehold_placeho --with-slibdir=/home/conda/feedstock_root/build_artifacts/gcc_compilers_1650668905383/_h_env_placehold_placehold_placehold_placehold_placehold_placehold_placehold_placehold_placehold_placehold_placehold_placehold_placehold_placehold_placehold_placehold_placehold_placeho/lib --libdir=/home/conda/feedstock_root/build_artifacts/gcc_compilers_1650668905383/_h_env_placehold_placehold_placehold_placehold_placehold_placehold_placehold_placehold_placehold_placehold_placehold_placehold_placehold_placehold_placehold_placehold_placehold_placeho/lib --mandir=/home/conda/feedstock_root/build_artifacts/gcc_compilers_1650668905383/_h_env_placehold_placehold_placehold_placehold_placehold_placehold_placehold_placehold_placehold_placehold_placehold_placehold_placehold_placehold_placehold_placehold_placehold_placeho/man --build=x86_64-conda-linux-gnu --host=x86_64-conda-linux-gnu --target=x86_64-conda-linux-gnu --enable-default-pie --enable-languages=c c++ fortran objc obj-c++ --enable-__cxa_atexit --disable-libmudflap --enable-libgomp --disable-libssp --enable-libquadmath --enable-libquadmath-support --enable-libsanitizer --enable-lto --enable-threads=posix --enable-target-optspace --enable-plugin --enable-gold --disable-nls --disable-bootstrap --disable-multilib --enable-long-long --with-sysroot=/home/conda/feedstock_root/build_artifacts/gcc_compilers_1650668905383/_h_env_placehold_placehold_placehold_placehold_placehold_placehold_placehold_placehold_placehold_placehold_placehold_placehold_placehold_placehold_placehold_placehold_placehold_placeho/x86_64-conda-linux-gnu/sysroot --with-build-sysroot=/home/conda/feedstock_root/build_artifacts/gcc_compilers_1650668905383/_build_env/x86_64-conda-linux-gnu/sysroot --with-gxx-include-dir=/home/conda/feedstock_root/build_artifacts/gcc_compilers_1650668905383/_h_env_placehold_placehold_placehold_placehold_placehold_placehold_placehold_placehold_placehold_placehold_placehold_placehold_placehold_placehold_placehold_placehold_placehold_placeho/x86_64-conda-linux-gnu/include/c++/10.3.0 --with-pkgversion='conda-forge gcc 10.3.0-16' --with-bugurl=https://github.com/conda-forge/ctng-compilers-feedstock/issues/new/choose]
  ignore line: [Thread model: posix]
  ignore line: [Supported LTO compression algorithms: zlib]
  ignore line: [gcc version 10.3.0 (conda-forge gcc 10.3.0-16) ]
  ignore line: [COLLECT_GCC_OPTIONS='-fvisibility-inlines-hidden' '-std=c++17' '-fmessage-length=0' '-march=nocona' '-mtune=haswell' '-ftree-vectorize' '-fPIC' '-fstack-protector-strong' '-fno-plt' '-O2' '-ffunction-sections' '-pipe' '-isystem' '/home/waleed/miniconda3/envs/ROOT/include' '-v' '-o' 'CMakeFiles/cmTC_61f0e.dir/CMakeCXXCompilerABI.cpp.o' '-c' '-shared-libgcc']
  ignore line: [ /home/waleed/miniconda3/envs/ROOT/bin/../libexec/gcc/x86_64-conda-linux-gnu/10.3.0/cc1plus -quiet -v -iprefix /home/waleed/miniconda3/envs/ROOT/bin/../lib/gcc/x86_64-conda-linux-gnu/10.3.0/ -isysroot /home/waleed/miniconda3/envs/ROOT/bin/../x86_64-conda-linux-gnu/sysroot -D_GNU_SOURCE -isystem /home/waleed/miniconda3/envs/ROOT/include /usr/share/cmake-3.16/Modules/CMakeCXXCompilerABI.cpp -quiet -dumpbase CMakeCXXCompilerABI.cpp -march=nocona -mtune=haswell -auxbase-strip CMakeFiles/cmTC_61f0e.dir/CMakeCXXCompilerABI.cpp.o -O2 -std=c++17 -version -fvisibility-inlines-hidden -fmessage-length=0 -ftree-vectorize -fPIC -fstack-protector-strong -fno-plt -ffunction-sections -o - |]
  ignore line: [ /home/waleed/miniconda3/envs/ROOT/bin/../lib/gcc/x86_64-conda-linux-gnu/10.3.0/../../../../x86_64-conda-linux-gnu/bin/as -v --64 -o CMakeFiles/cmTC_61f0e.dir/CMakeCXXCompilerABI.cpp.o]
  ignore line: [GNU assembler version 2.36.1 (x86_64-conda-linux-gnu) using BFD version (GNU Binutils) 2.36.1]
  ignore line: [GNU C++17 (conda-forge gcc 10.3.0-16) version 10.3.0 (x86_64-conda-linux-gnu)]
  ignore line: [	compiled by GNU C version 10.3.0  GMP version 6.1.0  MPFR version 3.1.4  MPC version 1.0.3  isl version isl-0.18-GMP]
  ignore line: []
  ignore line: [GGC heuristics: --param ggc-min-expand=100 --param ggc-min-heapsize=131072]
  ignore line: [ignoring duplicate directory "/home/waleed/miniconda3/envs/ROOT/bin/../lib/gcc/../../lib/gcc/x86_64-conda-linux-gnu/10.3.0/include"]
  ignore line: [ignoring nonexistent directory "/home/waleed/miniconda3/envs/ROOT/bin/../x86_64-conda-linux-gnu/sysroot/usr/local/include"]
  ignore line: [ignoring duplicate directory "/home/waleed/miniconda3/envs/ROOT/bin/../lib/gcc/../../lib/gcc/x86_64-conda-linux-gnu/10.3.0/include-fixed"]
  ignore line: [ignoring duplicate directory "/home/waleed/miniconda3/envs/ROOT/bin/../lib/gcc/../../lib/gcc/x86_64-conda-linux-gnu/10.3.0/../../../../x86_64-conda-linux-gnu/include"]
  ignore line: [#include "..." search starts here:]
  ignore line: [#include <...> search starts here:]
  ignore line: [ /home/waleed/miniconda3/envs/ROOT/include]
  ignore line: [ /home/waleed/miniconda3/envs/ROOT/bin/../lib/gcc/x86_64-conda-linux-gnu/10.3.0/include]
  ignore line: [ /home/waleed/miniconda3/envs/ROOT/bin/../lib/gcc/x86_64-conda-linux-gnu/10.3.0/include-fixed]
  ignore line: [ /home/waleed/miniconda3/envs/ROOT/bin/../lib/gcc/x86_64-conda-linux-gnu/10.3.0/../../../../x86_64-conda-linux-gnu/include]
  ignore line: [ /home/waleed/miniconda3/envs/ROOT/bin/../lib/gcc/../../x86_64-conda-linux-gnu/include/c++/10.3.0]
  ignore line: [ /home/waleed/miniconda3/envs/ROOT/bin/../lib/gcc/../../x86_64-conda-linux-gnu/include/c++/10.3.0/x86_64-conda-linux-gnu]
  ignore line: [ /home/waleed/miniconda3/envs/ROOT/bin/../lib/gcc/../../x86_64-conda-linux-gnu/include/c++/10.3.0/backward]
  ignore line: [ /home/waleed/miniconda3/envs/ROOT/bin/../x86_64-conda-linux-gnu/sysroot/usr/include]
  ignore line: [End of search list.]
  ignore line: [GNU C++17 (conda-forge gcc 10.3.0-16) version 10.3.0 (x86_64-conda-linux-gnu)]
  ignore line: [	compiled by GNU C version 10.3.0  GMP version 6.1.0  MPFR version 3.1.4  MPC version 1.0.3  isl version isl-0.18-GMP]
  ignore line: []
  ignore line: [GGC heuristics: --param ggc-min-expand=100 --param ggc-min-heapsize=131072]
  ignore line: [Compiler executable checksum: e1c8fb57619ce138e8af3084d7412096]
  ignore line: [COMPILER_PATH=/home/waleed/miniconda3/envs/ROOT/bin/../libexec/gcc/x86_64-conda-linux-gnu/10.3.0/:/home/waleed/miniconda3/envs/ROOT/bin/../libexec/gcc/:/home/waleed/miniconda3/envs/ROOT/bin/../lib/gcc/x86_64-conda-linux-gnu/10.3.0/../../../../x86_64-conda-linux-gnu/bin/]
  ignore line: [LIBRARY_PATH=/home/waleed/miniconda3/envs/ROOT/bin/../lib/gcc/x86_64-conda-linux-gnu/10.3.0/:/home/waleed/miniconda3/envs/ROOT/bin/../lib/gcc/:/home/waleed/miniconda3/envs/ROOT/bin/../lib/gcc/x86_64-conda-linux-gnu/10.3.0/../../../../x86_64-conda-linux-gnu/lib/../lib/:/home/waleed/miniconda3/envs/ROOT/bin/../lib/gcc/x86_64-conda-linux-gnu/10.3.0/../../../../lib/:/home/waleed/miniconda3/envs/ROOT/bin/../x86_64-conda-linux-gnu/sysroot/lib/../lib/:/home/waleed/miniconda3/envs/ROOT/bin/../x86_64-conda-linux-gnu/sysroot/usr/lib/../lib/:/home/waleed/miniconda3/envs/ROOT/bin/../lib/gcc/x86_64-conda-linux-gnu/10.3.0/../../../../x86_64-conda-linux-gnu/lib/:/home/waleed/miniconda3/envs/ROOT/bin/../lib/gcc/x86_64-conda-linux-gnu/10.3.0/../../../:/home/waleed/miniconda3/envs/ROOT/bin/../x86_64-conda-linux-gnu/sysroot/lib/:/home/waleed/miniconda3/envs/ROOT/bin/../x86_64-conda-linux-gnu/sysroot/usr/lib/]
  ignore line: [COLLECT_GCC_OPTIONS='-fvisibility-inlines-hidden' '-std=c++17' '-fmessage-length=0' '-march=nocona' '-mtune=haswell' '-ftree-vectorize' '-fPIC' '-fstack-protector-strong' '-fno-plt' '-O2' '-ffunction-sections' '-pipe' '-isystem' '/home/waleed/miniconda3/envs/ROOT/include' '-v' '-o' 'CMakeFiles/cmTC_61f0e.dir/CMakeCXXCompilerABI.cpp.o' '-c' '-shared-libgcc']
  ignore line: [Linking CXX executable cmTC_61f0e]
  ignore line: [/usr/bin/cmake -E cmake_link_script CMakeFiles/cmTC_61f0e.dir/link.txt --verbose=1]
  ignore line: [/home/waleed/miniconda3/envs/ROOT/bin/x86_64-conda-linux-gnu-c++  -fvisibility-inlines-hidden -std=c++17 -fmessage-length=0 -march=nocona -mtune=haswell -ftree-vectorize -fPIC -fstack-protector-strong -fno-plt -O2 -ffunction-sections -pipe -isystem /home/waleed/miniconda3/envs/ROOT/include   -Wl -O2 -Wl --sort-common -Wl --as-needed -Wl -z relro -Wl -z now -Wl --disable-new-dtags -Wl --gc-sections -Wl --allow-shlib-undefined -Wl -rpath /home/waleed/miniconda3/envs/ROOT/lib -Wl -rpath-link /home/waleed/miniconda3/envs/ROOT/lib -L/home/waleed/miniconda3/envs/ROOT/lib -v -rdynamic CMakeFiles/cmTC_61f0e.dir/CMakeCXXCompilerABI.cpp.o  -o cmTC_61f0e ]
  ignore line: [Reading specs from /home/waleed/miniconda3/envs/ROOT/bin/../lib/gcc/x86_64-conda-linux-gnu/10.3.0/specs]
  ignore line: [could not find specs file conda.specs]
  ignore line: [COLLECT_GCC=/home/waleed/miniconda3/envs/ROOT/bin/x86_64-conda-linux-gnu-c++]
  ignore line: [COLLECT_LTO_WRAPPER=/home/waleed/miniconda3/envs/ROOT/bin/../libexec/gcc/x86_64-conda-linux-gnu/10.3.0/lto-wrapper]
  ignore line: [Target: x86_64-conda-linux-gnu]
  ignore line: [Configured with: ../configure --prefix=/home/conda/feedstock_root/build_artifacts/gcc_compilers_1650668905383/_h_env_placehold_placehold_placehold_placehold_placehold_placehold_placehold_placehold_placehold_placehold_placehold_placehold_placehold_placehold_placehold_placehold_placehold_placeho --with-slibdir=/home/conda/feedstock_root/build_artifacts/gcc_compilers_1650668905383/_h_env_placehold_placehold_placehold_placehold_placehold_placehold_placehold_placehold_placehold_placehold_placehold_placehold_placehold_placehold_placehold_placehold_placehold_placeho/lib --libdir=/home/conda/feedstock_root/build_artifacts/gcc_compilers_1650668905383/_h_env_placehold_placehold_placehold_placehold_placehold_placehold_placehold_placehold_placehold_placehold_placehold_placehold_placehold_placehold_placehold_placehold_placehold_placeho/lib --mandir=/home/conda/feedstock_root/build_artifacts/gcc_compilers_1650668905383/_h_env_placehold_placehold_placehold_placehold_placehold_placehold_placehold_placehold_placehold_placehold_placehold_placehold_placehold_placehold_placehold_placehold_placehold_placeho/man --build=x86_64-conda-linux-gnu --host=x86_64-conda-linux-gnu --target=x86_64-conda-linux-gnu --enable-default-pie --enable-languages=c c++ fortran objc obj-c++ --enable-__cxa_atexit --disable-libmudflap --enable-libgomp --disable-libssp --enable-libquadmath --enable-libquadmath-support --enable-libsanitizer --enable-lto --enable-threads=posix --enable-target-optspace --enable-plugin --enable-gold --disable-nls --disable-bootstrap --disable-multilib --enable-long-long --with-sysroot=/home/conda/feedstock_root/build_artifacts/gcc_compilers_1650668905383/_h_env_placehold_placehold_placehold_placehold_placehold_placehold_placehold_placehold_placehold_placehold_placehold_placehold_placehold_placehold_placehold_placehold_placehold_placeho/x86_64-conda-linux-gnu/sysroot --with-build-sysroot=/home/conda/feedstock_root/build_artifacts/gcc_compilers_1650668905383/_build_env/x86_64-conda-linux-gnu/sysroot --with-gxx-include-dir=/home/conda/feedstock_root/build_artifacts/gcc_compilers_1650668905383/_h_env_placehold_placehold_placehold_placehold_placehold_placehold_placehold_placehold_placehold_placehold_placehold_placehold_placehold_placehold_placehold_placehold_placehold_placeho/x86_64-conda-linux-gnu/include/c++/10.3.0 --with-pkgversion='conda-forge gcc 10.3.0-16' --with-bugurl=https://github.com/conda-forge/ctng-compilers-feedstock/issues/new/choose]
  ignore line: [Thread model: posix]
  ignore line: [Supported LTO compression algorithms: zlib]
  ignore line: [gcc version 10.3.0 (conda-forge gcc 10.3.0-16) ]
  ignore line: [COMPILER_PATH=/home/waleed/miniconda3/envs/ROOT/bin/../libexec/gcc/x86_64-conda-linux-gnu/10.3.0/:/home/waleed/miniconda3/envs/ROOT/bin/../libexec/gcc/:/home/waleed/miniconda3/envs/ROOT/bin/../lib/gcc/x86_64-conda-linux-gnu/10.3.0/../../../../x86_64-conda-linux-gnu/bin/]
  ignore line: [LIBRARY_PATH=/home/waleed/miniconda3/envs/ROOT/bin/../lib/gcc/x86_64-conda-linux-gnu/10.3.0/:/home/waleed/miniconda3/envs/ROOT/bin/../lib/gcc/:/home/waleed/miniconda3/envs/ROOT/bin/../lib/gcc/x86_64-conda-linux-gnu/10.3.0/../../../../x86_64-conda-linux-gnu/lib/../lib/:/home/waleed/miniconda3/envs/ROOT/bin/../lib/gcc/x86_64-conda-linux-gnu/10.3.0/../../../../lib/:/home/waleed/miniconda3/envs/ROOT/bin/../x86_64-conda-linux-gnu/sysroot/lib/../lib/:/home/waleed/miniconda3/envs/ROOT/bin/../x86_64-conda-linux-gnu/sysroot/usr/lib/../lib/:/home/waleed/miniconda3/envs/ROOT/bin/../lib/gcc/x86_64-conda-linux-gnu/10.3.0/../../../../x86_64-conda-linux-gnu/lib/:/home/waleed/miniconda3/envs/ROOT/bin/../lib/gcc/x86_64-conda-linux-gnu/10.3.0/../../../:/home/waleed/miniconda3/envs/ROOT/bin/../x86_64-conda-linux-gnu/sysroot/lib/:/home/waleed/miniconda3/envs/ROOT/bin/../x86_64-conda-linux-gnu/sysroot/usr/lib/]
  ignore line: [COLLECT_GCC_OPTIONS='-fvisibility-inlines-hidden' '-std=c++17' '-fmessage-length=0' '-march=nocona' '-mtune=haswell' '-ftree-vectorize' '-fPIC' '-fstack-protector-strong' '-fno-plt' '-O2' '-ffunction-sections' '-pipe' '-isystem' '/home/waleed/miniconda3/envs/ROOT/include' '-L/home/waleed/miniconda3/envs/ROOT/lib' '-v' '-rdynamic' '-o' 'cmTC_61f0e' '-shared-libgcc']
  link line: [ /home/waleed/miniconda3/envs/ROOT/bin/../libexec/gcc/x86_64-conda-linux-gnu/10.3.0/collect2 -plugin /home/waleed/miniconda3/envs/ROOT/bin/../libexec/gcc/x86_64-conda-linux-gnu/10.3.0/liblto_plugin.so -plugin-opt=/home/waleed/miniconda3/envs/ROOT/bin/../libexec/gcc/x86_64-conda-linux-gnu/10.3.0/lto-wrapper -plugin-opt=-fresolution=/tmp/cchh8SRs.res -plugin-opt=-pass-through=-lgcc_s -plugin-opt=-pass-through=-lgcc -plugin-opt=-pass-through=-lc -plugin-opt=-pass-through=-lgcc_s -plugin-opt=-pass-through=-lgcc --sysroot=/home/waleed/miniconda3/envs/ROOT/bin/../x86_64-conda-linux-gnu/sysroot --eh-frame-hdr -m elf_x86_64 -export-dynamic -dynamic-linker /lib64/ld-linux-x86-64.so.2 -pie -o cmTC_61f0e /home/waleed/miniconda3/envs/ROOT/bin/../x86_64-conda-linux-gnu/sysroot/usr/lib/../lib/Scrt1.o /home/waleed/miniconda3/envs/ROOT/bin/../x86_64-conda-linux-gnu/sysroot/usr/lib/../lib/crti.o /home/waleed/miniconda3/envs/ROOT/bin/../lib/gcc/x86_64-conda-linux-gnu/10.3.0/crtbeginS.o -L/home/waleed/miniconda3/envs/ROOT/lib -L/home/waleed/miniconda3/envs/ROOT/bin/../lib/gcc/x86_64-conda-linux-gnu/10.3.0 -L/home/waleed/miniconda3/envs/ROOT/bin/../lib/gcc -L/home/waleed/miniconda3/envs/ROOT/bin/../lib/gcc/x86_64-conda-linux-gnu/10.3.0/../../../../x86_64-conda-linux-gnu/lib/../lib -L/home/waleed/miniconda3/envs/ROOT/bin/../lib/gcc/x86_64-conda-linux-gnu/10.3.0/../../../../lib -L/home/waleed/miniconda3/envs/ROOT/bin/../x86_64-conda-linux-gnu/sysroot/lib/../lib -L/home/waleed/miniconda3/envs/ROOT/bin/../x86_64-conda-linux-gnu/sysroot/usr/lib/../lib -L/home/waleed/miniconda3/envs/ROOT/bin/../lib/gcc/x86_64-conda-linux-gnu/10.3.0/../../../../x86_64-conda-linux-gnu/lib -L/home/waleed/miniconda3/envs/ROOT/bin/../lib/gcc/x86_64-conda-linux-gnu/10.3.0/../../.. -L/home/waleed/miniconda3/envs/ROOT/bin/../x86_64-conda-linux-gnu/sysroot/lib -L/home/waleed/miniconda3/envs/ROOT/bin/../x86_64-conda-linux-gnu/sysroot/usr/lib -O2 --sort-common --as-needed -z relro -z now --disable-new-dtags --gc-sections --allow-shlib-undefined -rpath /home/waleed/miniconda3/envs/ROOT/lib -rpath-link /home/waleed/miniconda3/envs/ROOT/lib CMakeFiles/cmTC_61f0e.dir/CMakeCXXCompilerABI.cpp.o -lstdc++ -lm -lgcc_s -lgcc -lc -lgcc_s -lgcc /home/waleed/miniconda3/envs/ROOT/bin/../lib/gcc/x86_64-conda-linux-gnu/10.3.0/crtendS.o /home/waleed/miniconda3/envs/ROOT/bin/../x86_64-conda-linux-gnu/sysroot/usr/lib/../lib/crtn.o -rpath /home/waleed/miniconda3/envs/ROOT/lib]
    arg [/home/waleed/miniconda3/envs/ROOT/bin/../libexec/gcc/x86_64-conda-linux-gnu/10.3.0/collect2] ==> ignore
    arg [-plugin] ==> ignore
    arg [/home/waleed/miniconda3/envs/ROOT/bin/../libexec/gcc/x86_64-conda-linux-gnu/10.3.0/liblto_plugin.so] ==> ignore
    arg [-plugin-opt=/home/waleed/miniconda3/envs/ROOT/bin/../libexec/gcc/x86_64-conda-linux-gnu/10.3.0/lto-wrapper] ==> ignore
    arg [-plugin-opt=-fresolution=/tmp/cchh8SRs.res] ==> ignore
    arg [-plugin-opt=-pass-through=-lgcc_s] ==> ignore
    arg [-plugin-opt=-pass-through=-lgcc] ==> ignore
    arg [-plugin-opt=-pass-through=-lc] ==> ignore
    arg [-plugin-opt=-pass-through=-lgcc_s] ==> ignore
    arg [-plugin-opt=-pass-through=-lgcc] ==> ignore
    arg [--sysroot=/home/waleed/miniconda3/envs/ROOT/bin/../x86_64-conda-linux-gnu/sysroot] ==> ignore
    arg [--eh-frame-hdr] ==> ignore
    arg [-m] ==> ignore
    arg [elf_x86_64] ==> ignore
    arg [-export-dynamic] ==> ignore
    arg [-dynamic-linker] ==> ignore
    arg [/lib64/ld-linux-x86-64.so.2] ==> ignore
    arg [-pie] ==> ignore
    arg [-o] ==> ignore
    arg [cmTC_61f0e] ==> ignore
    arg [/home/waleed/miniconda3/envs/ROOT/bin/../x86_64-conda-linux-gnu/sysroot/usr/lib/../lib/Scrt1.o] ==> ignore
    arg [/home/waleed/miniconda3/envs/ROOT/bin/../x86_64-conda-linux-gnu/sysroot/usr/lib/../lib/crti.o] ==> ignore
    arg [/home/waleed/miniconda3/envs/ROOT/bin/../lib/gcc/x86_64-conda-linux-gnu/10.3.0/crtbeginS.o] ==> ignore
    arg [-L/home/waleed/miniconda3/envs/ROOT/lib] ==> dir [/home/waleed/miniconda3/envs/ROOT/lib]
    arg [-L/home/waleed/miniconda3/envs/ROOT/bin/../lib/gcc/x86_64-conda-linux-gnu/10.3.0] ==> dir [/home/waleed/miniconda3/envs/ROOT/bin/../lib/gcc/x86_64-conda-linux-gnu/10.3.0]
    arg [-L/home/waleed/miniconda3/envs/ROOT/bin/../lib/gcc] ==> dir [/home/waleed/miniconda3/envs/ROOT/bin/../lib/gcc]
    arg [-L/home/waleed/miniconda3/envs/ROOT/bin/../lib/gcc/x86_64-conda-linux-gnu/10.3.0/../../../../x86_64-conda-linux-gnu/lib/../lib] ==> dir [/home/waleed/miniconda3/envs/ROOT/bin/../lib/gcc/x86_64-conda-linux-gnu/10.3.0/../../../../x86_64-conda-linux-gnu/lib/../lib]
    arg [-L/home/waleed/miniconda3/envs/ROOT/bin/../lib/gcc/x86_64-conda-linux-gnu/10.3.0/../../../../lib] ==> dir [/home/waleed/miniconda3/envs/ROOT/bin/../lib/gcc/x86_64-conda-linux-gnu/10.3.0/../../../../lib]
    arg [-L/home/waleed/miniconda3/envs/ROOT/bin/../x86_64-conda-linux-gnu/sysroot/lib/../lib] ==> dir [/home/waleed/miniconda3/envs/ROOT/bin/../x86_64-conda-linux-gnu/sysroot/lib/../lib]
    arg [-L/home/waleed/miniconda3/envs/ROOT/bin/../x86_64-conda-linux-gnu/sysroot/usr/lib/../lib] ==> dir [/home/waleed/miniconda3/envs/ROOT/bin/../x86_64-conda-linux-gnu/sysroot/usr/lib/../lib]
    arg [-L/home/waleed/miniconda3/envs/ROOT/bin/../lib/gcc/x86_64-conda-linux-gnu/10.3.0/../../../../x86_64-conda-linux-gnu/lib] ==> dir [/home/waleed/miniconda3/envs/ROOT/bin/../lib/gcc/x86_64-conda-linux-gnu/10.3.0/../../../../x86_64-conda-linux-gnu/lib]
    arg [-L/home/waleed/miniconda3/envs/ROOT/bin/../lib/gcc/x86_64-conda-linux-gnu/10.3.0/../../..] ==> dir [/home/waleed/miniconda3/envs/ROOT/bin/../lib/gcc/x86_64-conda-linux-gnu/10.3.0/../../..]
    arg [-L/home/waleed/miniconda3/envs/ROOT/bin/../x86_64-conda-linux-gnu/sysroot/lib] ==> dir [/home/waleed/miniconda3/envs/ROOT/bin/../x86_64-conda-linux-gnu/sysroot/lib]
    arg [-L/home/waleed/miniconda3/envs/ROOT/bin/../x86_64-conda-linux-gnu/sysroot/usr/lib] ==> dir [/home/waleed/miniconda3/envs/ROOT/bin/../x86_64-conda-linux-gnu/sysroot/usr/lib]
    arg [-O2] ==> ignore
    arg [--sort-common] ==> ignore
    arg [--as-needed] ==> ignore
    arg [-zrelro] ==> ignore
    arg [-znow] ==> ignore
    arg [--disable-new-dtags] ==> ignore
    arg [--gc-sections] ==> ignore
    arg [--allow-shlib-undefined] ==> ignore
    arg [-rpath] ==> ignore
    arg [/home/waleed/miniconda3/envs/ROOT/lib] ==> ignore
    arg [-rpath-link] ==> ignore
    arg [/home/waleed/miniconda3/envs/ROOT/lib] ==> ignore
    arg [CMakeFiles/cmTC_61f0e.dir/CMakeCXXCompilerABI.cpp.o] ==> ignore
    arg [-lstdc++] ==> lib [stdc++]
    arg [-lm] ==> lib [m]
    arg [-lgcc_s] ==> lib [gcc_s]
    arg [-lgcc] ==> lib [gcc]
    arg [-lc] ==> lib [c]
    arg [-lgcc_s] ==> lib [gcc_s]
    arg [-lgcc] ==> lib [gcc]
    arg [/home/waleed/miniconda3/envs/ROOT/bin/../lib/gcc/x86_64-conda-linux-gnu/10.3.0/crtendS.o] ==> ignore
    arg [/home/waleed/miniconda3/envs/ROOT/bin/../x86_64-conda-linux-gnu/sysroot/usr/lib/../lib/crtn.o] ==> ignore
    arg [-rpath] ==> ignore
    arg [/home/waleed/miniconda3/envs/ROOT/lib] ==> ignore
  collapse library dir [/home/waleed/miniconda3/envs/ROOT/lib] ==> [/home/waleed/miniconda3/envs/ROOT/lib]
  collapse library dir [/home/waleed/miniconda3/envs/ROOT/bin/../lib/gcc/x86_64-conda-linux-gnu/10.3.0] ==> [/home/waleed/miniconda3/envs/ROOT/lib/gcc/x86_64-conda-linux-gnu/10.3.0]
  collapse library dir [/home/waleed/miniconda3/envs/ROOT/bin/../lib/gcc] ==> [/home/waleed/miniconda3/envs/ROOT/lib/gcc]
  collapse library dir [/home/waleed/miniconda3/envs/ROOT/bin/../lib/gcc/x86_64-conda-linux-gnu/10.3.0/../../../../x86_64-conda-linux-gnu/lib/../lib] ==> [/home/waleed/miniconda3/envs/ROOT/x86_64-conda-linux-gnu/lib]
  collapse library dir [/home/waleed/miniconda3/envs/ROOT/bin/../lib/gcc/x86_64-conda-linux-gnu/10.3.0/../../../../lib] ==> [/home/waleed/miniconda3/envs/ROOT/lib]
  collapse library dir [/home/waleed/miniconda3/envs/ROOT/bin/../x86_64-conda-linux-gnu/sysroot/lib/../lib] ==> [/home/waleed/miniconda3/envs/ROOT/x86_64-conda-linux-gnu/sysroot/lib]
  collapse library dir [/home/waleed/miniconda3/envs/ROOT/bin/../x86_64-conda-linux-gnu/sysroot/usr/lib/../lib] ==> [/home/waleed/miniconda3/envs/ROOT/x86_64-conda-linux-gnu/sysroot/usr/lib]
  collapse library dir [/home/waleed/miniconda3/envs/ROOT/bin/../lib/gcc/x86_64-conda-linux-gnu/10.3.0/../../../../x86_64-conda-linux-gnu/lib] ==> [/home/waleed/miniconda3/envs/ROOT/x86_64-conda-linux-gnu/lib]
  collapse library dir [/home/waleed/miniconda3/envs/ROOT/bin/../lib/gcc/x86_64-conda-linux-gnu/10.3.0/../../..] ==> [/home/waleed/miniconda3/envs/ROOT/lib]
  collapse library dir [/home/waleed/miniconda3/envs/ROOT/bin/../x86_64-conda-linux-gnu/sysroot/lib] ==> [/home/waleed/miniconda3/envs/ROOT/x86_64-conda-linux-gnu/sysroot/lib]
  collapse library dir [/home/waleed/miniconda3/envs/ROOT/bin/../x86_64-conda-linux-gnu/sysroot/usr/lib] ==> [/home/waleed/miniconda3/envs/ROOT/x86_64-conda-linux-gnu/sysroot/usr/lib]
  implicit libs: [stdc++;m;gcc_s;gcc;c;gcc_s;gcc]
  implicit dirs: [/home/waleed/miniconda3/envs/ROOT/lib;/home/waleed/miniconda3/envs/ROOT/lib/gcc/x86_64-conda-linux-gnu/10.3.0;/home/waleed/miniconda3/envs/ROOT/lib/gcc;/home/waleed/miniconda3/envs/ROOT/x86_64-conda-linux-gnu/lib;/home/waleed/miniconda3/envs/ROOT/x86_64-conda-linux-gnu/sysroot/lib;/home/waleed/miniconda3/envs/ROOT/x86_64-conda-linux-gnu/sysroot/usr/lib]
  implicit fwks: []


